# JRE version: OpenJDK Runtime Environment (17.0.9) (build 17.0.9+0--11185874)
# Java VM: OpenJDK 64-Bit Server VM (17.0.9+0--11185874, mixed mode, tiered, compressed oops, compressed class ptrs, g1 gc, windows-amd64)
GC Precious Log:
 CPUs: 12 total, 12 available
 Memory: 15573M
 Large Page Support: Disabled
 NUMA Support: Disabled
 Compressed Oops: Enabled (32-bit)
 Heap Region Size: 1M
 Heap Min Capacity: 8M
 Heap Initial Capacity: 244M
 Heap Max Capacity: 2G
 Pre-touch: Disabled
 Parallel Workers: 10
 Concurrent Workers: 3
 Concurrent Refinement Workers: 10
 Periodic GC: Disabled
Heap:
 garbage-first heap   total 204800K, used 104648K [0x0000000080000000, 0x0000000100000000)
  region size 1024K, 13 young (13312K), 7 survivors (7168K)
 Metaspace       used 104610K, committed 105344K, reserved 1179648K
  class space    used 14537K, committed 14912K, reserved 1048576K
GC Heap History (20 events):
Event: 7.714 GC heap before
{Heap before GC invocations=17 (full 0):
 garbage-first heap   total 169984K, used 131383K [0x0000000080000000, 0x0000000100000000)
  region size 1024K, 80 young (81920K), 6 survivors (6144K)
 Metaspace       used 73799K, committed 74432K, reserved 1114112K
  class space    used 10056K, committed 10368K, reserved 1048576K
}
Event: 7.717 GC heap after
{Heap after GC invocations=18 (full 0):
 garbage-first heap   total 169984K, used 58736K [0x0000000080000000, 0x0000000100000000)
  region size 1024K, 9 young (9216K), 9 survivors (9216K)
 Metaspace       used 73799K, committed 74432K, reserved 1114112K
  class space    used 10056K, committed 10368K, reserved 1048576K
}
Event: 8.439 GC heap before
{Heap before GC invocations=18 (full 0):
 garbage-first heap   total 169984K, used 134512K [0x0000000080000000, 0x0000000100000000)
  region size 1024K, 82 young (83968K), 9 survivors (9216K)
 Metaspace       used 78519K, committed 79104K, reserved 1179648K
  class space    used 10800K, committed 11072K, reserved 1048576K
}
Event: 8.443 GC heap after
{Heap after GC invocations=19 (full 0):
 garbage-first heap   total 169984K, used 62352K [0x0000000080000000, 0x0000000100000000)
  region size 1024K, 8 young (8192K), 8 survivors (8192K)
 Metaspace       used 78519K, committed 79104K, reserved 1179648K
  class space    used 10800K, committed 11072K, reserved 1048576K
}
Event: 9.222 GC heap before
{Heap before GC invocations=19 (full 0):
 garbage-first heap   total 169984K, used 135056K [0x0000000080000000, 0x0000000100000000)
  region size 1024K, 79 young (80896K), 8 survivors (8192K)
 Metaspace       used 84248K, committed 84864K, reserved 1179648K
  class space    used 11720K, committed 12032K, reserved 1048576K
}
Event: 9.227 GC heap after
{Heap after GC invocations=20 (full 0):
 garbage-first heap   total 169984K, used 65727K [0x0000000080000000, 0x0000000100000000)
  region size 1024K, 8 young (8192K), 8 survivors (8192K)
 Metaspace       used 84248K, committed 84864K, reserved 1179648K
  class space    used 11720K, committed 12032K, reserved 1048576K
}
Event: 9.833 GC heap before
{Heap before GC invocations=20 (full 0):
 garbage-first heap   total 169984K, used 137407K [0x0000000080000000, 0x0000000100000000)
  region size 1024K, 78 young (79872K), 8 survivors (8192K)
 Metaspace       used 90063K, committed 90752K, reserved 1179648K
  class space    used 12580K, committed 12928K, reserved 1048576K
}
Event: 9.839 GC heap after
{Heap after GC invocations=21 (full 0):
 garbage-first heap   total 169984K, used 70309K [0x0000000080000000, 0x0000000100000000)
  region size 1024K, 8 young (8192K), 8 survivors (8192K)
 Metaspace       used 90063K, committed 90752K, reserved 1179648K
  class space    used 12580K, committed 12928K, reserved 1048576K
}
Event: 10.345 GC heap before
{Heap before GC invocations=21 (full 0):
 garbage-first heap   total 169984K, used 137893K [0x0000000080000000, 0x0000000100000000)
  region size 1024K, 75 young (76800K), 8 survivors (8192K)
 Metaspace       used 92684K, committed 93376K, reserved 1179648K
  class space    used 13091K, committed 13440K, reserved 1048576K
}
Event: 10.352 GC heap after
{Heap after GC invocations=22 (full 0):
 garbage-first heap   total 169984K, used 76668K [0x0000000080000000, 0x0000000100000000)
  region size 1024K, 10 young (10240K), 10 survivors (10240K)
 Metaspace       used 92684K, committed 93376K, reserved 1179648K
  class space    used 13091K, committed 13440K, reserved 1048576K
}
Event: 10.666 GC heap before
{Heap before GC invocations=22 (full 0):
 garbage-first heap   total 169984K, used 137084K [0x0000000080000000, 0x0000000100000000)
  region size 1024K, 70 young (71680K), 10 survivors (10240K)
 Metaspace       used 93249K, committed 93888K, reserved 1179648K
  class space    used 13137K, committed 13440K, reserved 1048576K
}
Event: 10.671 GC heap after
{Heap after GC invocations=23 (full 0):
 garbage-first heap   total 169984K, used 81957K [0x0000000080000000, 0x0000000100000000)
  region size 1024K, 7 young (7168K), 7 survivors (7168K)
 Metaspace       used 93249K, committed 93888K, reserved 1179648K
  class space    used 13137K, committed 13440K, reserved 1048576K
}
Event: 10.780 GC heap before
{Heap before GC invocations=23 (full 0):
 garbage-first heap   total 169984K, used 99365K [0x0000000080000000, 0x0000000100000000)
  region size 1024K, 25 young (25600K), 7 survivors (7168K)
 Metaspace       used 93745K, committed 94464K, reserved 1179648K
  class space    used 13216K, committed 13568K, reserved 1048576K
}
Event: 10.784 GC heap after
{Heap after GC invocations=24 (full 0):
 garbage-first heap   total 169984K, used 84533K [0x0000000080000000, 0x0000000100000000)
  region size 1024K, 2 young (2048K), 2 survivors (2048K)
 Metaspace       used 93745K, committed 94464K, reserved 1179648K
  class space    used 13216K, committed 13568K, reserved 1048576K
}
Event: 11.346 GC heap before
{Heap before GC invocations=25 (full 0):
 garbage-first heap   total 169984K, used 141877K [0x0000000080000000, 0x0000000100000000)
  region size 1024K, 55 young (56320K), 2 survivors (2048K)
 Metaspace       used 100903K, committed 101632K, reserved 1179648K
  class space    used 14104K, committed 14464K, reserved 1048576K
}
Event: 11.350 GC heap after
{Heap after GC invocations=26 (full 0):
 garbage-first heap   total 169984K, used 87944K [0x0000000080000000, 0x0000000100000000)
  region size 1024K, 7 young (7168K), 7 survivors (7168K)
 Metaspace       used 100903K, committed 101632K, reserved 1179648K
  class space    used 14104K, committed 14464K, reserved 1048576K
}
Event: 11.358 GC heap before
{Heap before GC invocations=26 (full 0):
 garbage-first heap   total 169984K, used 87944K [0x0000000080000000, 0x0000000100000000)
  region size 1024K, 8 young (8192K), 7 survivors (7168K)
 Metaspace       used 101121K, committed 101824K, reserved 1179648K
  class space    used 14125K, committed 14464K, reserved 1048576K
}
Event: 11.362 GC heap after
{Heap after GC invocations=27 (full 0):
 garbage-first heap   total 169984K, used 87426K [0x0000000080000000, 0x0000000100000000)
  region size 1024K, 1 young (1024K), 1 survivors (1024K)
 Metaspace       used 101121K, committed 101824K, reserved 1179648K
  class space    used 14125K, committed 14464K, reserved 1048576K
}
Event: 12.060 GC heap before
{Heap before GC invocations=27 (full 0):
 garbage-first heap   total 169984K, used 139650K [0x0000000080000000, 0x0000000100000000)
  region size 1024K, 51 young (52224K), 1 survivors (1024K)
 Metaspace       used 104267K, committed 105024K, reserved 1179648K
  class space    used 14490K, committed 14848K, reserved 1048576K
}
Event: 12.200 GC heap after
{Heap after GC invocations=28 (full 0):
 garbage-first heap   total 204800K, used 99528K [0x0000000080000000, 0x0000000100000000)
  region size 1024K, 7 young (7168K), 7 survivors (7168K)
 Metaspace       used 104267K, committed 105024K, reserved 1179648K
  class space    used 14490K, committed 14848K, reserved 1048576K
}

