# JRE version: OpenJDK Runtime Environment (17.0.9) (build 17.0.9+0--11185874)
# Java VM: OpenJDK 64-Bit Server VM (17.0.9+0--11185874, mixed mode, tiered, compressed oops, compressed class ptrs, g1 gc, windows-amd64)
GC Precious Log:
 CPUs: 12 total, 12 available
 Memory: 15573M
 Large Page Support: Disabled
 NUMA Support: Disabled
 Compressed Oops: Enabled (32-bit)
 Heap Region Size: 1M
 Heap Min Capacity: 8M
 Heap Initial Capacity: 244M
 Heap Max Capacity: 2G
 Pre-touch: Disabled
 Parallel Workers: 10
 Concurrent Workers: 3
 Concurrent Refinement Workers: 10
 Periodic GC: Disabled
Heap:
 garbage-first heap   total 502784K, used 133618K [0x0000000080000000, 0x0000000100000000)
  region size 1024K, 4 young (4096K), 4 survivors (4096K)
 Metaspace       used 145079K, committed 146432K, reserved 1179648K
  class space    used 20061K, committed 20672K, reserved 1048576K
GC Heap History (20 events):
Event: 5917.315 GC heap after
{Heap after GC invocations=78 (full 0):
 garbage-first heap   total 409600K, used 110160K [0x0000000080000000, 0x0000000100000000)
  region size 1024K, 3 young (3072K), 3 survivors (3072K)
 Metaspace       used 143311K, committed 144320K, reserved 1179648K
  class space    used 19938K, committed 20416K, reserved 1048576K
}
Event: 5917.339 GC heap before
{Heap before GC invocations=78 (full 0):
 garbage-first heap   total 409600K, used 113232K [0x0000000080000000, 0x0000000100000000)
  region size 1024K, 7 young (7168K), 3 survivors (3072K)
 Metaspace       used 143358K, committed 144448K, reserved 1179648K
  class space    used 19945K, committed 20480K, reserved 1048576K
}
Event: 5917.341 GC heap after
{Heap after GC invocations=79 (full 0):
 garbage-first heap   total 409600K, used 109562K [0x0000000080000000, 0x0000000100000000)
  region size 1024K, 2 young (2048K), 2 survivors (2048K)
 Metaspace       used 143358K, committed 144448K, reserved 1179648K
  class space    used 19945K, committed 20480K, reserved 1048576K
}
Event: 6043.240 GC heap before
{Heap before GC invocations=80 (full 0):
 garbage-first heap   total 409600K, used 364538K [0x0000000080000000, 0x0000000100000000)
  region size 1024K, 213 young (218112K), 2 survivors (2048K)
 Metaspace       used 144459K, committed 145728K, reserved 1179648K
  class space    used 20071K, committed 20672K, reserved 1048576K
}
Event: 6043.244 GC heap after
{Heap after GC invocations=81 (full 0):
 garbage-first heap   total 409600K, used 116884K [0x0000000080000000, 0x0000000100000000)
  region size 1024K, 8 young (8192K), 8 survivors (8192K)
 Metaspace       used 144459K, committed 145728K, reserved 1179648K
  class space    used 20071K, committed 20672K, reserved 1048576K
}
Event: 6043.285 GC heap before
{Heap before GC invocations=81 (full 0):
 garbage-first heap   total 409600K, used 128148K [0x0000000080000000, 0x0000000100000000)
  region size 1024K, 20 young (20480K), 8 survivors (8192K)
 Metaspace       used 144484K, committed 145792K, reserved 1179648K
  class space    used 20073K, committed 20672K, reserved 1048576K
}
Event: 6043.289 GC heap after
{Heap after GC invocations=82 (full 0):
 garbage-first heap   total 409600K, used 106178K [0x0000000080000000, 0x0000000100000000)
  region size 1024K, 2 young (2048K), 2 survivors (2048K)
 Metaspace       used 144484K, committed 145792K, reserved 1179648K
  class space    used 20073K, committed 20672K, reserved 1048576K
}
Event: 6043.627 GC heap before
{Heap before GC invocations=82 (full 0):
 garbage-first heap   total 409600K, used 145090K [0x0000000080000000, 0x0000000100000000)
  region size 1024K, 41 young (41984K), 2 survivors (2048K)
 Metaspace       used 144642K, committed 145920K, reserved 1179648K
  class space    used 20075K, committed 20672K, reserved 1048576K
}
Event: 6043.635 GC heap after
{Heap after GC invocations=83 (full 0):
 garbage-first heap   total 409600K, used 111978K [0x0000000080000000, 0x0000000100000000)
  region size 1024K, 7 young (7168K), 7 survivors (7168K)
 Metaspace       used 144642K, committed 145920K, reserved 1179648K
  class space    used 20075K, committed 20672K, reserved 1048576K
}
Event: 6687.176 GC heap before
{Heap before GC invocations=84 (full 0):
 garbage-first heap   total 409600K, used 325994K [0x0000000080000000, 0x0000000100000000)
  region size 1024K, 195 young (199680K), 7 survivors (7168K)
 Metaspace       used 145174K, committed 146432K, reserved 1179648K
  class space    used 20080K, committed 20672K, reserved 1048576K
}
Event: 6687.187 GC heap after
{Heap after GC invocations=85 (full 0):
 garbage-first heap   total 409600K, used 137567K [0x0000000080000000, 0x0000000100000000)
  region size 1024K, 25 young (25600K), 25 survivors (25600K)
 Metaspace       used 145174K, committed 146432K, reserved 1179648K
  class space    used 20080K, committed 20672K, reserved 1048576K
}
Event: 6687.189 GC heap before
{Heap before GC invocations=85 (full 0):
 garbage-first heap   total 409600K, used 138591K [0x0000000080000000, 0x0000000100000000)
  region size 1024K, 26 young (26624K), 25 survivors (25600K)
 Metaspace       used 145174K, committed 146432K, reserved 1179648K
  class space    used 20080K, committed 20672K, reserved 1048576K
}
Event: 6687.202 GC heap after
{Heap after GC invocations=86 (full 0):
 garbage-first heap   total 409600K, used 131429K [0x0000000080000000, 0x0000000100000000)
  region size 1024K, 2 young (2048K), 2 survivors (2048K)
 Metaspace       used 145174K, committed 146432K, reserved 1179648K
  class space    used 20080K, committed 20672K, reserved 1048576K
}
Event: 6687.218 GC heap before
{Heap before GC invocations=86 (full 0):
 garbage-first heap   total 409600K, used 137573K [0x0000000080000000, 0x0000000100000000)
  region size 1024K, 9 young (9216K), 2 survivors (2048K)
 Metaspace       used 145174K, committed 146432K, reserved 1179648K
  class space    used 20080K, committed 20672K, reserved 1048576K
}
Event: 6687.222 GC heap after
{Heap after GC invocations=87 (full 0):
 garbage-first heap   total 409600K, used 136983K [0x0000000080000000, 0x0000000100000000)
  region size 1024K, 8 young (8192K), 8 survivors (8192K)
 Metaspace       used 145174K, committed 146432K, reserved 1179648K
  class space    used 20080K, committed 20672K, reserved 1048576K
}
Event: 6784.895 GC heap before
{Heap before GC invocations=88 (full 0):
 garbage-first heap   total 409600K, used 273175K [0x0000000080000000, 0x0000000100000000)
  region size 1024K, 109 young (111616K), 8 survivors (8192K)
 Metaspace       used 145032K, committed 146368K, reserved 1179648K
  class space    used 20059K, committed 20672K, reserved 1048576K
}
Event: 6784.900 GC heap after
{Heap after GC invocations=89 (full 0):
 garbage-first heap   total 409600K, used 139050K [0x0000000080000000, 0x0000000100000000)
  region size 1024K, 12 young (12288K), 12 survivors (12288K)
 Metaspace       used 145032K, committed 146368K, reserved 1179648K
  class space    used 20059K, committed 20672K, reserved 1048576K
}
Event: 6784.948 GC heap before
{Heap before GC invocations=89 (full 0):
 garbage-first heap   total 409600K, used 146218K [0x0000000080000000, 0x0000000100000000)
  region size 1024K, 20 young (20480K), 12 survivors (12288K)
 Metaspace       used 145068K, committed 146432K, reserved 1179648K
  class space    used 20060K, committed 20672K, reserved 1048576K
}
Event: 6784.956 GC heap after
{Heap after GC invocations=90 (full 0):
 garbage-first heap   total 409600K, used 132687K [0x0000000080000000, 0x0000000100000000)
  region size 1024K, 3 young (3072K), 3 survivors (3072K)
 Metaspace       used 145068K, committed 146432K, reserved 1179648K
  class space    used 20060K, committed 20672K, reserved 1048576K
}
Event: 6785.040 GC heap before
{Heap before GC invocations=90 (full 0):
 garbage-first heap   total 409600K, used 147023K [0x0000000080000000, 0x0000000100000000)
  region size 1024K, 19 young (19456K), 3 survivors (3072K)
 Metaspace       used 145079K, committed 146432K, reserved 1179648K
  class space    used 20061K, committed 20672K, reserved 1048576K
}

