# JRE version: OpenJDK Runtime Environment (17.0.9) (build 17.0.9+0--11185874)
# Java VM: OpenJDK 64-Bit Server VM (17.0.9+0--11185874, mixed mode, tiered, compressed oops, compressed class ptrs, g1 gc, windows-amd64)
GC Precious Log:
 CPUs: 12 total, 12 available
 Memory: 15573M
 Large Page Support: Disabled
 NUMA Support: Disabled
 Compressed Oops: Enabled (32-bit)
 Heap Region Size: 1M
 Heap Min Capacity: 8M
 Heap Initial Capacity: 244M
 Heap Max Capacity: 2G
 Pre-touch: Disabled
 Parallel Workers: 10
 Concurrent Workers: 3
 Concurrent Refinement Workers: 10
 Periodic GC: Disabled
Heap:
 garbage-first heap   total 270336K, used 134666K [0x0000000080000000, 0x0000000100000000)
  region size 1024K, 2 young (2048K), 2 survivors (2048K)
 Metaspace       used 103195K, committed 104000K, reserved 1179648K
  class space    used 14430K, committed 14784K, reserved 1048576K
GC Heap History (20 events):
Event: 5.127 GC heap after
{Heap after GC invocations=31 (full 0):
 garbage-first heap   total 243712K, used 58112K [0x0000000080000000, 0x0000000100000000)
  region size 1024K, 2 young (2048K), 2 survivors (2048K)
 Metaspace       used 70486K, committed 71104K, reserved 1114112K
  class space    used 9619K, committed 9920K, reserved 1048576K
}
Event: 5.803 GC heap before
{Heap before GC invocations=32 (full 0):
 garbage-first heap   total 201728K, used 167680K [0x0000000080000000, 0x0000000100000000)
  region size 1024K, 108 young (110592K), 2 survivors (2048K)
 Metaspace       used 79146K, committed 79744K, reserved 1179648K
  class space    used 10961K, committed 11264K, reserved 1048576K
}
Event: 5.806 GC heap after
{Heap after GC invocations=33 (full 0):
 garbage-first heap   total 201728K, used 62747K [0x0000000080000000, 0x0000000100000000)
  region size 1024K, 7 young (7168K), 7 survivors (7168K)
 Metaspace       used 79146K, committed 79744K, reserved 1179648K
  class space    used 10961K, committed 11264K, reserved 1048576K
}
Event: 5.820 GC heap before
{Heap before GC invocations=33 (full 0):
 garbage-first heap   total 201728K, used 63771K [0x0000000080000000, 0x0000000100000000)
  region size 1024K, 9 young (9216K), 7 survivors (7168K)
 Metaspace       used 79269K, committed 79872K, reserved 1179648K
  class space    used 10987K, committed 11264K, reserved 1048576K
}
Event: 5.823 GC heap after
{Heap after GC invocations=34 (full 0):
 garbage-first heap   total 201728K, used 63304K [0x0000000080000000, 0x0000000100000000)
  region size 1024K, 2 young (2048K), 2 survivors (2048K)
 Metaspace       used 79269K, committed 79872K, reserved 1179648K
  class space    used 10987K, committed 11264K, reserved 1048576K
}
Event: 6.476 GC heap before
{Heap before GC invocations=34 (full 0):
 garbage-first heap   total 201728K, used 153416K [0x0000000080000000, 0x0000000100000000)
  region size 1024K, 90 young (92160K), 2 survivors (2048K)
 Metaspace       used 86386K, committed 87040K, reserved 1179648K
  class space    used 12066K, committed 12352K, reserved 1048576K
}
Event: 6.478 GC heap after
{Heap after GC invocations=35 (full 0):
 garbage-first heap   total 201728K, used 66857K [0x0000000080000000, 0x0000000100000000)
  region size 1024K, 5 young (5120K), 5 survivors (5120K)
 Metaspace       used 86386K, committed 87040K, reserved 1179648K
  class space    used 12066K, committed 12352K, reserved 1048576K
}
Event: 7.083 GC heap before
{Heap before GC invocations=35 (full 0):
 garbage-first heap   total 201728K, used 156969K [0x0000000080000000, 0x0000000100000000)
  region size 1024K, 94 young (96256K), 5 survivors (5120K)
 Metaspace       used 92480K, committed 93184K, reserved 1179648K
  class space    used 13094K, committed 13440K, reserved 1048576K
}
Event: 7.089 GC heap after
{Heap after GC invocations=36 (full 0):
 garbage-first heap   total 201728K, used 74537K [0x0000000080000000, 0x0000000100000000)
  region size 1024K, 12 young (12288K), 12 survivors (12288K)
 Metaspace       used 92480K, committed 93184K, reserved 1179648K
  class space    used 13094K, committed 13440K, reserved 1048576K
}
Event: 7.529 GC heap before
{Heap before GC invocations=36 (full 0):
 garbage-first heap   total 201728K, used 163625K [0x0000000080000000, 0x0000000100000000)
  region size 1024K, 95 young (97280K), 12 survivors (12288K)
 Metaspace       used 95970K, committed 96704K, reserved 1179648K
  class space    used 13427K, committed 13760K, reserved 1048576K
}
Event: 7.535 GC heap after
{Heap after GC invocations=37 (full 0):
 garbage-first heap   total 201728K, used 80893K [0x0000000080000000, 0x0000000100000000)
  region size 1024K, 8 young (8192K), 8 survivors (8192K)
 Metaspace       used 95970K, committed 96704K, reserved 1179648K
  class space    used 13427K, committed 13760K, reserved 1048576K
}
Event: 7.806 GC heap before
{Heap before GC invocations=37 (full 0):
 garbage-first heap   total 201728K, used 163837K [0x0000000080000000, 0x0000000100000000)
  region size 1024K, 86 young (88064K), 8 survivors (8192K)
 Metaspace       used 98087K, committed 98816K, reserved 1179648K
  class space    used 13699K, committed 14080K, reserved 1048576K
}
Event: 7.811 GC heap after
{Heap after GC invocations=38 (full 0):
 garbage-first heap   total 201728K, used 91289K [0x0000000080000000, 0x0000000100000000)
  region size 1024K, 8 young (8192K), 8 survivors (8192K)
 Metaspace       used 98087K, committed 98816K, reserved 1179648K
  class space    used 13699K, committed 14080K, reserved 1048576K
}
Event: 7.973 GC heap before
{Heap before GC invocations=38 (full 0):
 garbage-first heap   total 201728K, used 170137K [0x0000000080000000, 0x0000000100000000)
  region size 1024K, 78 young (79872K), 8 survivors (8192K)
 Metaspace       used 100240K, committed 100992K, reserved 1179648K
  class space    used 13982K, committed 14336K, reserved 1048576K
}
Event: 7.979 GC heap after
{Heap after GC invocations=39 (full 0):
 garbage-first heap   total 201728K, used 108294K [0x0000000080000000, 0x0000000100000000)
  region size 1024K, 10 young (10240K), 10 survivors (10240K)
 Metaspace       used 100240K, committed 100992K, reserved 1179648K
  class space    used 13982K, committed 14336K, reserved 1048576K
}
Event: 8.114 GC heap before
{Heap before GC invocations=39 (full 0):
 garbage-first heap   total 201728K, used 178950K [0x0000000080000000, 0x0000000100000000)
  region size 1024K, 64 young (65536K), 10 survivors (10240K)
 Metaspace       used 102829K, committed 103552K, reserved 1179648K
  class space    used 14365K, committed 14720K, reserved 1048576K
}
Event: 8.118 GC heap after
{Heap after GC invocations=40 (full 0):
 garbage-first heap   total 201728K, used 123462K [0x0000000080000000, 0x0000000100000000)
  region size 1024K, 7 young (7168K), 7 survivors (7168K)
 Metaspace       used 102829K, committed 103552K, reserved 1179648K
  class space    used 14365K, committed 14720K, reserved 1048576K
}
Event: 8.285 GC heap before
{Heap before GC invocations=41 (full 0):
 garbage-first heap   total 270336K, used 181830K [0x0000000080000000, 0x0000000100000000)
  region size 1024K, 50 young (51200K), 7 survivors (7168K)
 Metaspace       used 103191K, committed 104000K, reserved 1179648K
  class space    used 14429K, committed 14784K, reserved 1048576K
}
Event: 8.291 GC heap after
{Heap after GC invocations=42 (full 0):
 garbage-first heap   total 270336K, used 133582K [0x0000000080000000, 0x0000000100000000)
  region size 1024K, 7 young (7168K), 7 survivors (7168K)
 Metaspace       used 103191K, committed 104000K, reserved 1179648K
  class space    used 14429K, committed 14784K, reserved 1048576K
}
Event: 8.312 GC heap before
{Heap before GC invocations=42 (full 0):
 garbage-first heap   total 270336K, used 139726K [0x0000000080000000, 0x0000000100000000)
  region size 1024K, 13 young (13312K), 7 survivors (7168K)
 Metaspace       used 103195K, committed 104000K, reserved 1179648K
  class space    used 14430K, committed 14784K, reserved 1048576K
}

