# JRE version: OpenJDK Runtime Environment (17.0.9) (build 17.0.9+0--11185874)
# Java VM: OpenJDK 64-Bit Server VM (17.0.9+0--11185874, mixed mode, tiered, compressed oops, compressed class ptrs, g1 gc, windows-amd64)
GC Precious Log:
 CPUs: 12 total, 12 available
 Memory: 15573M
 Large Page Support: Disabled
 NUMA Support: Disabled
 Compressed Oops: Enabled (32-bit)
 Heap Region Size: 1M
 Heap Min Capacity: 8M
 Heap Initial Capacity: 244M
 Heap Max Capacity: 2G
 Pre-touch: Disabled
 Parallel Workers: 10
 Concurrent Workers: 3
 Concurrent Refinement Workers: 10
 Periodic GC: Disabled
Heap:
 garbage-first heap   total 275456K, used 187678K [0x0000000080000000, 0x0000000100000000)
  region size 1024K, 54 young (55296K), 8 survivors (8192K)
 Metaspace       used 140673K, committed 141760K, reserved 1179648K
  class space    used 19900K, committed 20416K, reserved 1048576K
GC Heap History (20 events):
Event: 12.237 GC heap before
{Heap before GC invocations=38 (full 0):
 garbage-first heap   total 275456K, used 215721K [0x0000000080000000, 0x0000000100000000)
  region size 1024K, 102 young (104448K), 7 survivors (7168K)
 Metaspace       used 112797K, committed 113600K, reserved 1179648K
  class space    used 15383K, committed 15744K, reserved 1048576K
}
Event: 12.241 GC heap after
{Heap after GC invocations=39 (full 0):
 garbage-first heap   total 275456K, used 120020K [0x0000000080000000, 0x0000000100000000)
  region size 1024K, 8 young (8192K), 8 survivors (8192K)
 Metaspace       used 112797K, committed 113600K, reserved 1179648K
  class space    used 15383K, committed 15744K, reserved 1048576K
}
Event: 12.867 GC heap before
{Heap before GC invocations=39 (full 0):
 garbage-first heap   total 275456K, used 222420K [0x0000000080000000, 0x0000000100000000)
  region size 1024K, 107 young (109568K), 8 survivors (8192K)
 Metaspace       used 120496K, committed 121344K, reserved 1179648K
  class space    used 16641K, committed 17024K, reserved 1048576K
}
Event: 12.874 GC heap after
{Heap after GC invocations=40 (full 0):
 garbage-first heap   total 275456K, used 127137K [0x0000000080000000, 0x0000000100000000)
  region size 1024K, 12 young (12288K), 12 survivors (12288K)
 Metaspace       used 120496K, committed 121344K, reserved 1179648K
  class space    used 16641K, committed 17024K, reserved 1048576K
}
Event: 13.302 GC heap before
{Heap before GC invocations=40 (full 0):
 garbage-first heap   total 275456K, used 219297K [0x0000000080000000, 0x0000000100000000)
  region size 1024K, 103 young (105472K), 12 survivors (12288K)
 Metaspace       used 129282K, committed 130240K, reserved 1179648K
  class space    used 18281K, committed 18752K, reserved 1048576K
}
Event: 13.307 GC heap after
{Heap after GC invocations=41 (full 0):
 garbage-first heap   total 275456K, used 131892K [0x0000000080000000, 0x0000000100000000)
  region size 1024K, 6 young (6144K), 6 survivors (6144K)
 Metaspace       used 129282K, committed 130240K, reserved 1179648K
  class space    used 18281K, committed 18752K, reserved 1048576K
}
Event: 13.728 GC heap before
{Heap before GC invocations=41 (full 0):
 garbage-first heap   total 275456K, used 223028K [0x0000000080000000, 0x0000000100000000)
  region size 1024K, 95 young (97280K), 6 survivors (6144K)
 Metaspace       used 134091K, committed 134976K, reserved 1179648K
  class space    used 19229K, committed 19648K, reserved 1048576K
}
Event: 13.731 GC heap after
{Heap after GC invocations=42 (full 0):
 garbage-first heap   total 275456K, used 135212K [0x0000000080000000, 0x0000000100000000)
  region size 1024K, 9 young (9216K), 9 survivors (9216K)
 Metaspace       used 134091K, committed 134976K, reserved 1179648K
  class space    used 19229K, committed 19648K, reserved 1048576K
}
Event: 193.928 GC heap before
{Heap before GC invocations=42 (full 0):
 garbage-first heap   total 275456K, used 242732K [0x0000000080000000, 0x0000000100000000)
  region size 1024K, 96 young (98304K), 9 survivors (9216K)
 Metaspace       used 138340K, committed 139328K, reserved 1179648K
  class space    used 19754K, committed 20224K, reserved 1048576K
}
Event: 193.933 GC heap after
{Heap after GC invocations=43 (full 0):
 garbage-first heap   total 275456K, used 134432K [0x0000000080000000, 0x0000000100000000)
  region size 1024K, 6 young (6144K), 6 survivors (6144K)
 Metaspace       used 138340K, committed 139328K, reserved 1179648K
  class space    used 19754K, committed 20224K, reserved 1048576K
}
Event: 194.497 GC heap before
{Heap before GC invocations=43 (full 0):
 garbage-first heap   total 275456K, used 245024K [0x0000000080000000, 0x0000000100000000)
  region size 1024K, 96 young (98304K), 6 survivors (6144K)
 Metaspace       used 138873K, committed 139840K, reserved 1179648K
  class space    used 19771K, committed 20224K, reserved 1048576K
}
Event: 194.503 GC heap after
{Heap after GC invocations=44 (full 0):
 garbage-first heap   total 275456K, used 139594K [0x0000000080000000, 0x0000000100000000)
  region size 1024K, 11 young (11264K), 11 survivors (11264K)
 Metaspace       used 138873K, committed 139840K, reserved 1179648K
  class space    used 19771K, committed 20224K, reserved 1048576K
}
Event: 223.733 GC heap before
{Heap before GC invocations=44 (full 0):
 garbage-first heap   total 275456K, used 245066K [0x0000000080000000, 0x0000000100000000)
  region size 1024K, 97 young (99328K), 11 survivors (11264K)
 Metaspace       used 139268K, committed 140288K, reserved 1179648K
  class space    used 19795K, committed 20288K, reserved 1048576K
}
Event: 223.736 GC heap after
{Heap after GC invocations=45 (full 0):
 garbage-first heap   total 275456K, used 136188K [0x0000000080000000, 0x0000000100000000)
  region size 1024K, 5 young (5120K), 5 survivors (5120K)
 Metaspace       used 139268K, committed 140288K, reserved 1179648K
  class space    used 19795K, committed 20288K, reserved 1048576K
}
Event: 315.272 GC heap before
{Heap before GC invocations=45 (full 0):
 garbage-first heap   total 275456K, used 227324K [0x0000000080000000, 0x0000000100000000)
  region size 1024K, 95 young (97280K), 5 survivors (5120K)
 Metaspace       used 139883K, committed 140992K, reserved 1179648K
  class space    used 19825K, committed 20352K, reserved 1048576K
}
Event: 315.276 GC heap after
{Heap after GC invocations=46 (full 0):
 garbage-first heap   total 275456K, used 138959K [0x0000000080000000, 0x0000000100000000)
  region size 1024K, 8 young (8192K), 8 survivors (8192K)
 Metaspace       used 139883K, committed 140992K, reserved 1179648K
  class space    used 19825K, committed 20352K, reserved 1048576K
}
Event: 316.757 GC heap before
{Heap before GC invocations=46 (full 0):
 garbage-first heap   total 275456K, used 246479K [0x0000000080000000, 0x0000000100000000)
  region size 1024K, 95 young (97280K), 8 survivors (8192K)
 Metaspace       used 140105K, committed 141184K, reserved 1179648K
  class space    used 19845K, committed 20352K, reserved 1048576K
}
Event: 316.762 GC heap after
{Heap after GC invocations=47 (full 0):
 garbage-first heap   total 275456K, used 144902K [0x0000000080000000, 0x0000000100000000)
  region size 1024K, 12 young (12288K), 12 survivors (12288K)
 Metaspace       used 140105K, committed 141184K, reserved 1179648K
  class space    used 19845K, committed 20352K, reserved 1048576K
}
Event: 365.131 GC heap before
{Heap before GC invocations=47 (full 0):
 garbage-first heap   total 275456K, used 246278K [0x0000000080000000, 0x0000000100000000)
  region size 1024K, 94 young (96256K), 12 survivors (12288K)
 Metaspace       used 140325K, committed 141440K, reserved 1179648K
  class space    used 19859K, committed 20352K, reserved 1048576K
}
Event: 365.135 GC heap after
{Heap after GC invocations=48 (full 0):
 garbage-first heap   total 275456K, used 141598K [0x0000000080000000, 0x0000000100000000)
  region size 1024K, 8 young (8192K), 8 survivors (8192K)
 Metaspace       used 140325K, committed 141440K, reserved 1179648K
  class space    used 19859K, committed 20352K, reserved 1048576K
}

