# JRE version: OpenJDK Runtime Environment (17.0.9) (build 17.0.9+0--11185874)
# Java VM: OpenJDK 64-Bit Server VM (17.0.9+0--11185874, mixed mode, tiered, compressed oops, compressed class ptrs, g1 gc, windows-amd64)
GC Precious Log:
 CPUs: 12 total, 12 available
 Memory: 15573M
 Large Page Support: Disabled
 NUMA Support: Disabled
 Compressed Oops: Enabled (32-bit)
 Heap Region Size: 1M
 Heap Min Capacity: 8M
 Heap Initial Capacity: 244M
 Heap Max Capacity: 2G
 Pre-touch: Disabled
 Parallel Workers: 10
 Concurrent Workers: 3
 Concurrent Refinement Workers: 10
 Periodic GC: Disabled
Heap:
 garbage-first heap   total 370688K, used 158784K [0x0000000080000000, 0x0000000100000000)
  region size 1024K, 3 young (3072K), 3 survivors (3072K)
 Metaspace       used 128061K, committed 129088K, reserved 1179648K
  class space    used 17285K, committed 17792K, reserved 1048576K
GC Heap History (20 events):
Event: 2893.970 GC heap after
{Heap after GC invocations=48 (full 0):
 garbage-first heap   total 239616K, used 158785K [0x0000000080000000, 0x0000000100000000)
  region size 1024K, 6 young (6144K), 6 survivors (6144K)
 Metaspace       used 116238K, committed 117376K, reserved 1179648K
  class space    used 15586K, committed 16128K, reserved 1048576K
}
Event: 2894.062 GC heap before
{Heap before GC invocations=48 (full 0):
 garbage-first heap   total 239616K, used 195649K [0x0000000080000000, 0x0000000100000000)
  region size 1024K, 43 young (44032K), 6 survivors (6144K)
 Metaspace       used 117518K, committed 118656K, reserved 1179648K
  class space    used 15721K, committed 16256K, reserved 1048576K
}
Event: 2894.066 GC heap after
{Heap after GC invocations=49 (full 0):
 garbage-first heap   total 239616K, used 161237K [0x0000000080000000, 0x0000000100000000)
  region size 1024K, 3 young (3072K), 3 survivors (3072K)
 Metaspace       used 117518K, committed 118656K, reserved 1179648K
  class space    used 15721K, committed 16256K, reserved 1048576K
}
Event: 2894.133 GC heap before
{Heap before GC invocations=49 (full 0):
 garbage-first heap   total 239616K, used 199125K [0x0000000080000000, 0x0000000100000000)
  region size 1024K, 40 young (40960K), 3 survivors (3072K)
 Metaspace       used 118032K, committed 119104K, reserved 1179648K
  class space    used 15763K, committed 16256K, reserved 1048576K
}
Event: 2894.136 GC heap after
{Heap after GC invocations=50 (full 0):
 garbage-first heap   total 287744K, used 161897K [0x0000000080000000, 0x0000000100000000)
  region size 1024K, 4 young (4096K), 4 survivors (4096K)
 Metaspace       used 118032K, committed 119104K, reserved 1179648K
  class space    used 15763K, committed 16256K, reserved 1048576K
}
Event: 2894.363 GC heap before
{Heap before GC invocations=50 (full 0):
 garbage-first heap   total 287744K, used 235625K [0x0000000080000000, 0x0000000100000000)
  region size 1024K, 71 young (72704K), 4 survivors (4096K)
 Metaspace       used 119912K, committed 120960K, reserved 1179648K
  class space    used 15977K, committed 16448K, reserved 1048576K
}
Event: 2894.366 GC heap after
{Heap after GC invocations=51 (full 0):
 garbage-first heap   total 287744K, used 163418K [0x0000000080000000, 0x0000000100000000)
  region size 1024K, 5 young (5120K), 5 survivors (5120K)
 Metaspace       used 119912K, committed 120960K, reserved 1179648K
  class space    used 15977K, committed 16448K, reserved 1048576K
}
Event: 2894.842 GC heap before
{Heap before GC invocations=51 (full 0):
 garbage-first heap   total 287744K, used 247386K [0x0000000080000000, 0x0000000100000000)
  region size 1024K, 75 young (76800K), 5 survivors (5120K)
 Metaspace       used 122708K, committed 123840K, reserved 1179648K
  class space    used 16316K, committed 16832K, reserved 1048576K
}
Event: 2894.846 GC heap after
{Heap after GC invocations=52 (full 0):
 garbage-first heap   total 287744K, used 183814K [0x0000000080000000, 0x0000000100000000)
  region size 1024K, 10 young (10240K), 10 survivors (10240K)
 Metaspace       used 122708K, committed 123840K, reserved 1179648K
  class space    used 16316K, committed 16832K, reserved 1048576K
}
Event: 2895.078 GC heap before
{Heap before GC invocations=52 (full 0):
 garbage-first heap   total 287744K, used 238086K [0x0000000080000000, 0x0000000100000000)
  region size 1024K, 64 young (65536K), 10 survivors (10240K)
 Metaspace       used 125166K, committed 126272K, reserved 1179648K
  class space    used 16684K, committed 17216K, reserved 1048576K
}
Event: 2895.083 GC heap after
{Heap after GC invocations=53 (full 0):
 garbage-first heap   total 287744K, used 189196K [0x0000000080000000, 0x0000000100000000)
  region size 1024K, 6 young (6144K), 6 survivors (6144K)
 Metaspace       used 125166K, committed 126272K, reserved 1179648K
  class space    used 16684K, committed 17216K, reserved 1048576K
}
Event: 2895.220 GC heap before
{Heap before GC invocations=53 (full 0):
 garbage-first heap   total 287744K, used 244492K [0x0000000080000000, 0x0000000100000000)
  region size 1024K, 45 young (46080K), 6 survivors (6144K)
 Metaspace       used 127216K, committed 128384K, reserved 1179648K
  class space    used 16971K, committed 17536K, reserved 1048576K
}
Event: 2895.224 GC heap after
{Heap after GC invocations=54 (full 0):
 garbage-first heap   total 287744K, used 204237K [0x0000000080000000, 0x0000000100000000)
  region size 1024K, 7 young (7168K), 7 survivors (7168K)
 Metaspace       used 127216K, committed 128384K, reserved 1179648K
  class space    used 16971K, committed 17536K, reserved 1048576K
}
Event: 2895.226 GC heap before
{Heap before GC invocations=54 (full 0):
 garbage-first heap   total 287744K, used 217549K [0x0000000080000000, 0x0000000100000000)
  region size 1024K, 10 young (10240K), 7 survivors (7168K)
 Metaspace       used 127248K, committed 128384K, reserved 1179648K
  class space    used 16978K, committed 17536K, reserved 1048576K
}
Event: 2895.229 GC heap after
{Heap after GC invocations=55 (full 0):
 garbage-first heap   total 287744K, used 213944K [0x0000000080000000, 0x0000000100000000)
  region size 1024K, 2 young (2048K), 2 survivors (2048K)
 Metaspace       used 127248K, committed 128384K, reserved 1179648K
  class space    used 16978K, committed 17536K, reserved 1048576K
}
Event: 2895.356 GC heap before
{Heap before GC invocations=56 (full 0):
 garbage-first heap   total 370688K, used 230328K [0x0000000080000000, 0x0000000100000000)
  region size 1024K, 27 young (27648K), 2 survivors (2048K)
 Metaspace       used 126765K, committed 128384K, reserved 1179648K
  class space    used 16952K, committed 17600K, reserved 1048576K
}
Event: 2895.362 GC heap after
{Heap after GC invocations=57 (full 0):
 garbage-first heap   total 370688K, used 205329K [0x0000000080000000, 0x0000000100000000)
  region size 1024K, 4 young (4096K), 4 survivors (4096K)
 Metaspace       used 126765K, committed 128384K, reserved 1179648K
  class space    used 16952K, committed 17600K, reserved 1048576K
}
Event: 2895.407 GC heap before
{Heap before GC invocations=57 (full 0):
 garbage-first heap   total 370688K, used 218641K [0x0000000080000000, 0x0000000100000000)
  region size 1024K, 18 young (18432K), 4 survivors (4096K)
 Metaspace       used 127385K, committed 128448K, reserved 1179648K
  class space    used 17082K, committed 17600K, reserved 1048576K
}
Event: 2895.413 GC heap after
{Heap after GC invocations=58 (full 0):
 garbage-first heap   total 370688K, used 171568K [0x0000000080000000, 0x0000000100000000)
  region size 1024K, 3 young (3072K), 3 survivors (3072K)
 Metaspace       used 127385K, committed 128448K, reserved 1179648K
  class space    used 17082K, committed 17600K, reserved 1048576K
}
Event: 2895.457 GC heap before
{Heap before GC invocations=58 (full 0):
 garbage-first heap   total 370688K, used 186928K [0x0000000080000000, 0x0000000100000000)
  region size 1024K, 18 young (18432K), 3 survivors (3072K)
 Metaspace       used 128061K, committed 129088K, reserved 1179648K
  class space    used 17285K, committed 17792K, reserved 1048576K
}

