# JRE version: OpenJDK Runtime Environment (17.0.9) (build 17.0.9+0--11185874)
# Java VM: OpenJDK 64-Bit Server VM (17.0.9+0--11185874, mixed mode, tiered, compressed oops, compressed class ptrs, g1 gc, windows-amd64)
GC Precious Log:
 CPUs: 12 total, 12 available
 Memory: 15573M
 Large Page Support: Disabled
 NUMA Support: Disabled
 Compressed Oops: Enabled (32-bit)
 Heap Region Size: 1M
 Heap Min Capacity: 8M
 Heap Initial Capacity: 244M
 Heap Max Capacity: 2G
 Pre-touch: Disabled
 Parallel Workers: 10
 Concurrent Workers: 3
 Concurrent Refinement Workers: 10
 Periodic GC: Disabled
Heap:
 garbage-first heap   total 422912K, used 142761K [0x0000000080000000, 0x0000000100000000)
  region size 1024K, 3 young (3072K), 3 survivors (3072K)
 Metaspace       used 145085K, committed 146176K, reserved 1179648K
  class space    used 20651K, committed 21184K, reserved 1048576K
GC Heap History (20 events):
Event: 298.206 GC heap after
{Heap after GC invocations=71 (full 0):
 garbage-first heap   total 422912K, used 257041K [0x0000000080000000, 0x0000000100000000)
  region size 1024K, 10 young (10240K), 10 survivors (10240K)
 Metaspace       used 117753K, committed 118656K, reserved 1179648K
  class space    used 15799K, committed 16256K, reserved 1048576K
}
Event: 388.389 GC heap before
{Heap before GC invocations=72 (full 0):
 garbage-first heap   total 422912K, used 272401K [0x0000000080000000, 0x0000000100000000)
  region size 1024K, 104 young (106496K), 10 survivors (10240K)
 Metaspace       used 119649K, committed 120640K, reserved 1179648K
  class space    used 16055K, committed 16512K, reserved 1048576K
}
Event: 388.396 GC heap after
{Heap after GC invocations=73 (full 0):
 garbage-first heap   total 422912K, used 179464K [0x0000000080000000, 0x0000000100000000)
  region size 1024K, 8 young (8192K), 8 survivors (8192K)
 Metaspace       used 119649K, committed 120640K, reserved 1179648K
  class space    used 16055K, committed 16512K, reserved 1048576K
}
Event: 388.482 GC heap before
{Heap before GC invocations=73 (full 0):
 garbage-first heap   total 422912K, used 191752K [0x0000000080000000, 0x0000000100000000)
  region size 1024K, 20 young (20480K), 8 survivors (8192K)
 Metaspace       used 119671K, committed 120640K, reserved 1179648K
  class space    used 16055K, committed 16512K, reserved 1048576K
}
Event: 388.487 GC heap after
{Heap after GC invocations=74 (full 0):
 garbage-first heap   total 422912K, used 135244K [0x0000000080000000, 0x0000000100000000)
  region size 1024K, 2 young (2048K), 2 survivors (2048K)
 Metaspace       used 119671K, committed 120640K, reserved 1179648K
  class space    used 16055K, committed 16512K, reserved 1048576K
}
Event: 388.626 GC heap before
{Heap before GC invocations=74 (full 0):
 garbage-first heap   total 422912K, used 154700K [0x0000000080000000, 0x0000000100000000)
  region size 1024K, 20 young (20480K), 2 survivors (2048K)
 Metaspace       used 119715K, committed 120704K, reserved 1179648K
  class space    used 16057K, committed 16512K, reserved 1048576K
}
Event: 388.632 GC heap after
{Heap after GC invocations=75 (full 0):
 garbage-first heap   total 422912K, used 124836K [0x0000000080000000, 0x0000000100000000)
  region size 1024K, 3 young (3072K), 3 survivors (3072K)
 Metaspace       used 119715K, committed 120704K, reserved 1179648K
  class space    used 16057K, committed 16512K, reserved 1048576K
}
Event: 389.113 GC heap before
{Heap before GC invocations=75 (full 0):
 garbage-first heap   total 422912K, used 175012K [0x0000000080000000, 0x0000000100000000)
  region size 1024K, 53 young (54272K), 3 survivors (3072K)
 Metaspace       used 120715K, committed 121728K, reserved 1179648K
  class space    used 16159K, committed 16640K, reserved 1048576K
}
Event: 389.121 GC heap after
{Heap after GC invocations=76 (full 0):
 garbage-first heap   total 422912K, used 130190K [0x0000000080000000, 0x0000000100000000)
  region size 1024K, 9 young (9216K), 9 survivors (9216K)
 Metaspace       used 120715K, committed 121728K, reserved 1179648K
  class space    used 16159K, committed 16640K, reserved 1048576K
}
Event: 390.631 GC heap before
{Heap before GC invocations=77 (full 0):
 garbage-first heap   total 422912K, used 327822K [0x0000000080000000, 0x0000000100000000)
  region size 1024K, 202 young (206848K), 9 survivors (9216K)
 Metaspace       used 138837K, committed 139968K, reserved 1179648K
  class space    used 19553K, committed 20096K, reserved 1048576K
}
Event: 390.642 GC heap after
{Heap after GC invocations=78 (full 0):
 garbage-first heap   total 422912K, used 141961K [0x0000000080000000, 0x0000000100000000)
  region size 1024K, 21 young (21504K), 21 survivors (21504K)
 Metaspace       used 138837K, committed 139968K, reserved 1179648K
  class space    used 19553K, committed 20096K, reserved 1048576K
}
Event: 390.647 GC heap before
{Heap before GC invocations=78 (full 0):
 garbage-first heap   total 422912K, used 142985K [0x0000000080000000, 0x0000000100000000)
  region size 1024K, 22 young (22528K), 21 survivors (21504K)
 Metaspace       used 138874K, committed 139968K, reserved 1179648K
  class space    used 19559K, committed 20096K, reserved 1048576K
}
Event: 390.655 GC heap after
{Heap after GC invocations=79 (full 0):
 garbage-first heap   total 422912K, used 134175K [0x0000000080000000, 0x0000000100000000)
  region size 1024K, 3 young (3072K), 3 survivors (3072K)
 Metaspace       used 138874K, committed 139968K, reserved 1179648K
  class space    used 19559K, committed 20096K, reserved 1048576K
}
Event: 390.802 GC heap before
{Heap before GC invocations=79 (full 0):
 garbage-first heap   total 422912K, used 171039K [0x0000000080000000, 0x0000000100000000)
  region size 1024K, 41 young (41984K), 3 survivors (3072K)
 Metaspace       used 141179K, committed 142272K, reserved 1179648K
  class space    used 20098K, committed 20608K, reserved 1048576K
}
Event: 390.805 GC heap after
{Heap after GC invocations=80 (full 0):
 garbage-first heap   total 422912K, used 137877K [0x0000000080000000, 0x0000000100000000)
  region size 1024K, 7 young (7168K), 7 survivors (7168K)
 Metaspace       used 141179K, committed 142272K, reserved 1179648K
  class space    used 20098K, committed 20608K, reserved 1048576K
}
Event: 1017.373 GC heap before
{Heap before GC invocations=81 (full 0):
 garbage-first heap   total 422912K, used 342677K [0x0000000080000000, 0x0000000100000000)
  region size 1024K, 191 young (195584K), 7 survivors (7168K)
 Metaspace       used 144842K, committed 145856K, reserved 1179648K
  class space    used 20647K, committed 21120K, reserved 1048576K
}
Event: 1017.386 GC heap after
{Heap after GC invocations=82 (full 0):
 garbage-first heap   total 422912K, used 153228K [0x0000000080000000, 0x0000000100000000)
  region size 1024K, 20 young (20480K), 20 survivors (20480K)
 Metaspace       used 144842K, committed 145856K, reserved 1179648K
  class space    used 20647K, committed 21120K, reserved 1048576K
}
Event: 1017.392 GC heap before
{Heap before GC invocations=82 (full 0):
 garbage-first heap   total 422912K, used 154252K [0x0000000080000000, 0x0000000100000000)
  region size 1024K, 21 young (21504K), 20 survivors (20480K)
 Metaspace       used 144843K, committed 145856K, reserved 1179648K
  class space    used 20647K, committed 21120K, reserved 1048576K
}
Event: 1017.403 GC heap after
{Heap after GC invocations=83 (full 0):
 garbage-first heap   total 422912K, used 142742K [0x0000000080000000, 0x0000000100000000)
  region size 1024K, 3 young (3072K), 3 survivors (3072K)
 Metaspace       used 144843K, committed 145856K, reserved 1179648K
  class space    used 20647K, committed 21120K, reserved 1048576K
}
Event: 1017.721 GC heap before
{Heap before GC invocations=83 (full 0):
 garbage-first heap   total 422912K, used 174486K [0x0000000080000000, 0x0000000100000000)
  region size 1024K, 36 young (36864K), 3 survivors (3072K)
 Metaspace       used 145085K, committed 146176K, reserved 1179648K
  class space    used 20651K, committed 21184K, reserved 1048576K
}

