# JRE version: OpenJDK Runtime Environment (17.0.9) (build 17.0.9+0--11185874)
# Java VM: OpenJDK 64-Bit Server VM (17.0.9+0--11185874, mixed mode, tiered, compressed oops, compressed class ptrs, g1 gc, windows-amd64)
GC Precious Log:
 CPUs: 12 total, 12 available
 Memory: 15573M
 Large Page Support: Disabled
 NUMA Support: Disabled
 Compressed Oops: Enabled (32-bit)
 Heap Region Size: 1M
 Heap Min Capacity: 8M
 Heap Initial Capacity: 244M
 Heap Max Capacity: 2G
 Pre-touch: Disabled
 Parallel Workers: 10
 Concurrent Workers: 3
 Concurrent Refinement Workers: 10
 Periodic GC: Disabled
Heap:
 garbage-first heap   total 165888K, used 96232K [0x0000000080000000, 0x0000000100000000)
  region size 1024K, 6 young (6144K), 6 survivors (6144K)
 Metaspace       used 103802K, committed 104512K, reserved 1179648K
  class space    used 14479K, committed 14848K, reserved 1048576K
GC Heap History (20 events):
Event: 9.586 GC heap after
{Heap after GC invocations=17 (full 0):
 garbage-first heap   total 165888K, used 55971K [0x0000000080000000, 0x0000000100000000)
  region size 1024K, 6 young (6144K), 6 survivors (6144K)
 Metaspace       used 66425K, committed 67008K, reserved 1114112K
  class space    used 9089K, committed 9344K, reserved 1048576K
}
Event: 10.524 GC heap before
{Heap before GC invocations=17 (full 0):
 garbage-first heap   total 165888K, used 128675K [0x0000000080000000, 0x0000000100000000)
  region size 1024K, 77 young (78848K), 6 survivors (6144K)
 Metaspace       used 72992K, committed 73600K, reserved 1114112K
  class space    used 9979K, committed 10240K, reserved 1048576K
}
Event: 10.528 GC heap after
{Heap after GC invocations=18 (full 0):
 garbage-first heap   total 165888K, used 59021K [0x0000000080000000, 0x0000000100000000)
  region size 1024K, 4 young (4096K), 4 survivors (4096K)
 Metaspace       used 72992K, committed 73600K, reserved 1114112K
  class space    used 9979K, committed 10240K, reserved 1048576K
}
Event: 11.404 GC heap before
{Heap before GC invocations=18 (full 0):
 garbage-first heap   total 165888K, used 129677K [0x0000000080000000, 0x0000000100000000)
  region size 1024K, 73 young (74752K), 4 survivors (4096K)
 Metaspace       used 77817K, committed 78400K, reserved 1179648K
  class space    used 10661K, committed 10944K, reserved 1048576K
}
Event: 11.409 GC heap after
{Heap after GC invocations=19 (full 0):
 garbage-first heap   total 165888K, used 62692K [0x0000000080000000, 0x0000000100000000)
  region size 1024K, 7 young (7168K), 7 survivors (7168K)
 Metaspace       used 77817K, committed 78400K, reserved 1179648K
  class space    used 10661K, committed 10944K, reserved 1048576K
}
Event: 12.444 GC heap before
{Heap before GC invocations=19 (full 0):
 garbage-first heap   total 165888K, used 131300K [0x0000000080000000, 0x0000000100000000)
  region size 1024K, 74 young (75776K), 7 survivors (7168K)
 Metaspace       used 83266K, committed 83904K, reserved 1179648K
  class space    used 11582K, committed 11904K, reserved 1048576K
}
Event: 12.451 GC heap after
{Heap after GC invocations=20 (full 0):
 garbage-first heap   total 165888K, used 65550K [0x0000000080000000, 0x0000000100000000)
  region size 1024K, 7 young (7168K), 7 survivors (7168K)
 Metaspace       used 83266K, committed 83904K, reserved 1179648K
  class space    used 11582K, committed 11904K, reserved 1048576K
}
Event: 13.390 GC heap before
{Heap before GC invocations=20 (full 0):
 garbage-first heap   total 165888K, used 133134K [0x0000000080000000, 0x0000000100000000)
  region size 1024K, 73 young (74752K), 7 survivors (7168K)
 Metaspace       used 89162K, committed 89920K, reserved 1179648K
  class space    used 12460K, committed 12800K, reserved 1048576K
}
Event: 13.396 GC heap after
{Heap after GC invocations=21 (full 0):
 garbage-first heap   total 165888K, used 69434K [0x0000000080000000, 0x0000000100000000)
  region size 1024K, 7 young (7168K), 7 survivors (7168K)
 Metaspace       used 89162K, committed 89920K, reserved 1179648K
  class space    used 12460K, committed 12800K, reserved 1048576K
}
Event: 14.151 GC heap before
{Heap before GC invocations=21 (full 0):
 garbage-first heap   total 165888K, used 132922K [0x0000000080000000, 0x0000000100000000)
  region size 1024K, 70 young (71680K), 7 survivors (7168K)
 Metaspace       used 92588K, committed 93312K, reserved 1179648K
  class space    used 13107K, committed 13440K, reserved 1048576K
}
Event: 14.160 GC heap after
{Heap after GC invocations=22 (full 0):
 garbage-first heap   total 165888K, used 75680K [0x0000000080000000, 0x0000000100000000)
  region size 1024K, 9 young (9216K), 9 survivors (9216K)
 Metaspace       used 92588K, committed 93312K, reserved 1179648K
  class space    used 13107K, committed 13440K, reserved 1048576K
}
Event: 14.629 GC heap before
{Heap before GC invocations=22 (full 0):
 garbage-first heap   total 165888K, used 133024K [0x0000000080000000, 0x0000000100000000)
  region size 1024K, 66 young (67584K), 9 survivors (9216K)
 Metaspace       used 93171K, committed 93888K, reserved 1179648K
  class space    used 13158K, committed 13504K, reserved 1048576K
}
Event: 14.637 GC heap after
{Heap after GC invocations=23 (full 0):
 garbage-first heap   total 165888K, used 81476K [0x0000000080000000, 0x0000000100000000)
  region size 1024K, 7 young (7168K), 7 survivors (7168K)
 Metaspace       used 93171K, committed 93888K, reserved 1179648K
  class space    used 13158K, committed 13504K, reserved 1048576K
}
Event: 14.898 GC heap before
{Heap before GC invocations=23 (full 0):
 garbage-first heap   total 165888K, used 115268K [0x0000000080000000, 0x0000000100000000)
  region size 1024K, 42 young (43008K), 7 survivors (7168K)
 Metaspace       used 93774K, committed 94464K, reserved 1179648K
  class space    used 13244K, committed 13568K, reserved 1048576K
}
Event: 14.903 GC heap after
{Heap after GC invocations=24 (full 0):
 garbage-first heap   total 165888K, used 84529K [0x0000000080000000, 0x0000000100000000)
  region size 1024K, 5 young (5120K), 5 survivors (5120K)
 Metaspace       used 93774K, committed 94464K, reserved 1179648K
  class space    used 13244K, committed 13568K, reserved 1048576K
}
Event: 15.590 GC heap before
{Heap before GC invocations=25 (full 0):
 garbage-first heap   total 165888K, used 138801K [0x0000000080000000, 0x0000000100000000)
  region size 1024K, 54 young (55296K), 5 survivors (5120K)
 Metaspace       used 100757K, committed 101440K, reserved 1179648K
  class space    used 14106K, committed 14400K, reserved 1048576K
}
Event: 15.600 GC heap after
{Heap after GC invocations=26 (full 0):
 garbage-first heap   total 165888K, used 87903K [0x0000000080000000, 0x0000000100000000)
  region size 1024K, 5 young (5120K), 5 survivors (5120K)
 Metaspace       used 100757K, committed 101440K, reserved 1179648K
  class space    used 14106K, committed 14400K, reserved 1048576K
}
Event: 15.651 GC heap before
{Heap before GC invocations=26 (full 0):
 garbage-first heap   total 165888K, used 89951K [0x0000000080000000, 0x0000000100000000)
  region size 1024K, 8 young (8192K), 5 survivors (5120K)
 Metaspace       used 101206K, committed 101888K, reserved 1179648K
  class space    used 14155K, committed 14464K, reserved 1048576K
}
Event: 15.656 GC heap after
{Heap after GC invocations=27 (full 0):
 garbage-first heap   total 165888K, used 88008K [0x0000000080000000, 0x0000000100000000)
  region size 1024K, 1 young (1024K), 1 survivors (1024K)
 Metaspace       used 101206K, committed 101888K, reserved 1179648K
  class space    used 14155K, committed 14464K, reserved 1048576K
}
Event: 16.480 GC heap before
{Heap before GC invocations=27 (full 0):
 garbage-first heap   total 165888K, used 136136K [0x0000000080000000, 0x0000000100000000)
  region size 1024K, 47 young (48128K), 1 survivors (1024K)
 Metaspace       used 103802K, committed 104512K, reserved 1179648K
  class space    used 14479K, committed 14848K, reserved 1048576K
}

