# JRE version: OpenJDK Runtime Environment (17.0.9) (build 17.0.9+0--11185874)
# Java VM: OpenJDK 64-Bit Server VM (17.0.9+0--11185874, mixed mode, tiered, compressed oops, compressed class ptrs, g1 gc, windows-amd64)
GC Precious Log:
 CPUs: 12 total, 12 available
 Memory: 15573M
 Large Page Support: Disabled
 NUMA Support: Disabled
 Compressed Oops: Enabled (32-bit)
 Heap Region Size: 1M
 Heap Min Capacity: 8M
 Heap Initial Capacity: 244M
 Heap Max Capacity: 2G
 Pre-touch: Disabled
 Parallel Workers: 10
 Concurrent Workers: 3
 Concurrent Refinement Workers: 10
 Periodic GC: Disabled
Heap:
 garbage-first heap   total 287744K, used 225274K [0x0000000080000000, 0x0000000100000000)
  region size 1024K, 5 young (5120K), 5 survivors (5120K)
 Metaspace       used 117667K, committed 118528K, reserved 1179648K
  class space    used 16295K, committed 16704K, reserved 1048576K
GC Heap History (20 events):
Event: 8.570 GC heap after
{Heap after GC invocations=46 (full 0):
 garbage-first heap   total 239616K, used 124822K [0x0000000080000000, 0x0000000100000000)
  region size 1024K, 8 young (8192K), 8 survivors (8192K)
 Metaspace       used 101011K, committed 101824K, reserved 1179648K
  class space    used 13932K, committed 14336K, reserved 1048576K
}
Event: 8.686 GC heap before
{Heap before GC invocations=46 (full 0):
 garbage-first heap   total 239616K, used 185238K [0x0000000080000000, 0x0000000100000000)
  region size 1024K, 68 young (69632K), 8 survivors (8192K)
 Metaspace       used 101701K, committed 102464K, reserved 1179648K
  class space    used 13984K, committed 14336K, reserved 1048576K
}
Event: 8.689 GC heap after
{Heap after GC invocations=47 (full 0):
 garbage-first heap   total 239616K, used 124320K [0x0000000080000000, 0x0000000100000000)
  region size 1024K, 3 young (3072K), 3 survivors (3072K)
 Metaspace       used 101701K, committed 102464K, reserved 1179648K
  class space    used 13984K, committed 14336K, reserved 1048576K
}
Event: 8.867 GC heap before
{Heap before GC invocations=47 (full 0):
 garbage-first heap   total 239616K, used 193952K [0x0000000080000000, 0x0000000100000000)
  region size 1024K, 68 young (69632K), 3 survivors (3072K)
 Metaspace       used 103504K, committed 104320K, reserved 1179648K
  class space    used 14192K, committed 14592K, reserved 1048576K
}
Event: 8.870 GC heap after
{Heap after GC invocations=48 (full 0):
 garbage-first heap   total 239616K, used 126298K [0x0000000080000000, 0x0000000100000000)
  region size 1024K, 5 young (5120K), 5 survivors (5120K)
 Metaspace       used 103504K, committed 104320K, reserved 1179648K
  class space    used 14192K, committed 14592K, reserved 1048576K
}
Event: 9.210 GC heap before
{Heap before GC invocations=48 (full 0):
 garbage-first heap   total 239616K, used 192858K [0x0000000080000000, 0x0000000100000000)
  region size 1024K, 71 young (72704K), 5 survivors (5120K)
 Metaspace       used 105278K, committed 106112K, reserved 1179648K
  class space    used 14388K, committed 14784K, reserved 1048576K
}
Event: 9.215 GC heap after
{Heap after GC invocations=49 (full 0):
 garbage-first heap   total 239616K, used 132022K [0x0000000080000000, 0x0000000100000000)
  region size 1024K, 9 young (9216K), 9 survivors (9216K)
 Metaspace       used 105278K, committed 106112K, reserved 1179648K
  class space    used 14388K, committed 14784K, reserved 1048576K
}
Event: 9.479 GC heap before
{Heap before GC invocations=49 (full 0):
 garbage-first heap   total 239616K, used 193462K [0x0000000080000000, 0x0000000100000000)
  region size 1024K, 70 young (71680K), 9 survivors (9216K)
 Metaspace       used 108006K, committed 108864K, reserved 1179648K
  class space    used 14718K, committed 15168K, reserved 1048576K
}
Event: 9.484 GC heap after
{Heap after GC invocations=50 (full 0):
 garbage-first heap   total 239616K, used 136699K [0x0000000080000000, 0x0000000100000000)
  region size 1024K, 6 young (6144K), 6 survivors (6144K)
 Metaspace       used 108006K, committed 108864K, reserved 1179648K
  class space    used 14718K, committed 15168K, reserved 1048576K
}
Event: 9.684 GC heap before
{Heap before GC invocations=50 (full 0):
 garbage-first heap   total 239616K, used 207355K [0x0000000080000000, 0x0000000100000000)
  region size 1024K, 64 young (65536K), 6 survivors (6144K)
 Metaspace       used 109356K, committed 110208K, reserved 1179648K
  class space    used 14887K, committed 15296K, reserved 1048576K
}
Event: 9.689 GC heap after
{Heap after GC invocations=51 (full 0):
 garbage-first heap   total 287744K, used 157040K [0x0000000080000000, 0x0000000100000000)
  region size 1024K, 8 young (8192K), 8 survivors (8192K)
 Metaspace       used 109356K, committed 110208K, reserved 1179648K
  class space    used 14887K, committed 15296K, reserved 1048576K
}
Event: 9.888 GC heap before
{Heap before GC invocations=51 (full 0):
 garbage-first heap   total 287744K, used 231792K [0x0000000080000000, 0x0000000100000000)
  region size 1024K, 82 young (83968K), 8 survivors (8192K)
 Metaspace       used 111344K, committed 112192K, reserved 1179648K
  class space    used 15155K, committed 15552K, reserved 1048576K
}
Event: 9.893 GC heap after
{Heap after GC invocations=52 (full 0):
 garbage-first heap   total 287744K, used 162259K [0x0000000080000000, 0x0000000100000000)
  region size 1024K, 6 young (6144K), 6 survivors (6144K)
 Metaspace       used 111344K, committed 112192K, reserved 1179648K
  class space    used 15155K, committed 15552K, reserved 1048576K
}
Event: 10.079 GC heap before
{Heap before GC invocations=52 (full 0):
 garbage-first heap   total 287744K, used 241107K [0x0000000080000000, 0x0000000100000000)
  region size 1024K, 57 young (58368K), 6 survivors (6144K)
 Metaspace       used 113335K, committed 114240K, reserved 1179648K
  class space    used 15442K, committed 15872K, reserved 1048576K
}
Event: 10.082 GC heap after
{Heap after GC invocations=53 (full 0):
 garbage-first heap   total 287744K, used 180410K [0x0000000080000000, 0x0000000100000000)
  region size 1024K, 10 young (10240K), 10 survivors (10240K)
 Metaspace       used 113335K, committed 114240K, reserved 1179648K
  class space    used 15442K, committed 15872K, reserved 1048576K
}
Event: 10.305 GC heap before
{Heap before GC invocations=53 (full 0):
 garbage-first heap   total 287744K, used 242874K [0x0000000080000000, 0x0000000100000000)
  region size 1024K, 66 young (67584K), 10 survivors (10240K)
 Metaspace       used 116299K, committed 117120K, reserved 1179648K
  class space    used 16105K, committed 16512K, reserved 1048576K
}
Event: 10.314 GC heap after
{Heap after GC invocations=54 (full 0):
 garbage-first heap   total 287744K, used 194276K [0x0000000080000000, 0x0000000100000000)
  region size 1024K, 9 young (9216K), 9 survivors (9216K)
 Metaspace       used 116299K, committed 117120K, reserved 1179648K
  class space    used 16105K, committed 16512K, reserved 1048576K
}
Event: 10.463 GC heap before
{Heap before GC invocations=54 (full 0):
 garbage-first heap   total 287744K, used 239332K [0x0000000080000000, 0x0000000100000000)
  region size 1024K, 51 young (52224K), 9 survivors (9216K)
 Metaspace       used 117517K, committed 118400K, reserved 1179648K
  class space    used 16274K, committed 16704K, reserved 1048576K
}
Event: 10.475 GC heap after
{Heap after GC invocations=55 (full 0):
 garbage-first heap   total 287744K, used 211466K [0x0000000080000000, 0x0000000100000000)
  region size 1024K, 7 young (7168K), 7 survivors (7168K)
 Metaspace       used 117517K, committed 118400K, reserved 1179648K
  class space    used 16274K, committed 16704K, reserved 1048576K
}
Event: 10.510 GC heap before
{Heap before GC invocations=55 (full 0):
 garbage-first heap   total 287744K, used 239114K [0x0000000080000000, 0x0000000100000000)
  region size 1024K, 34 young (34816K), 7 survivors (7168K)
 Metaspace       used 117667K, committed 118528K, reserved 1179648K
  class space    used 16295K, committed 16704K, reserved 1048576K
}

