# JRE version: OpenJDK Runtime Environment (17.0.9) (build 17.0.9+0--11185874)
# Java VM: OpenJDK 64-Bit Server VM (17.0.9+0--11185874, mixed mode, tiered, compressed oops, compressed class ptrs, g1 gc, windows-amd64)
GC Precious Log:
 CPUs: 12 total, 12 available
 Memory: 15573M
 Large Page Support: Disabled
 NUMA Support: Disabled
 Compressed Oops: Enabled (32-bit)
 Heap Region Size: 1M
 Heap Min Capacity: 8M
 Heap Initial Capacity: 244M
 Heap Max Capacity: 2G
 Pre-touch: Disabled
 Parallel Workers: 10
 Concurrent Workers: 3
 Concurrent Refinement Workers: 10
 Periodic GC: Disabled
Heap:
 garbage-first heap   total 327680K, used 268579K [0x0000000080000000, 0x0000000100000000)
  region size 1024K, 12 young (12288K), 2 survivors (2048K)
 Metaspace       used 155162K, committed 156736K, reserved 1245184K
  class space    used 21548K, committed 22208K, reserved 1048576K
GC Heap History (20 events):
Event: 2178.230 GC heap before
{Heap before GC invocations=67 (full 0):
 garbage-first heap   total 327680K, used 275578K [0x0000000080000000, 0x0000000100000000)
  region size 1024K, 48 young (49152K), 3 survivors (3072K)
 Metaspace       used 134355K, committed 135552K, reserved 1179648K
  class space    used 18021K, committed 18624K, reserved 1048576K
}
Event: 2178.234 GC heap after
{Heap after GC invocations=68 (full 0):
 garbage-first heap   total 327680K, used 234285K [0x0000000080000000, 0x0000000100000000)
  region size 1024K, 6 young (6144K), 6 survivors (6144K)
 Metaspace       used 134355K, committed 135552K, reserved 1179648K
  class space    used 18021K, committed 18624K, reserved 1048576K
}
Event: 2178.665 GC heap before
{Heap before GC invocations=68 (full 0):
 garbage-first heap   total 327680K, used 279341K [0x0000000080000000, 0x0000000100000000)
  region size 1024K, 49 young (50176K), 6 survivors (6144K)
 Metaspace       used 137444K, committed 138688K, reserved 1179648K
  class space    used 18358K, committed 18944K, reserved 1048576K
}
Event: 2178.673 GC heap after
{Heap after GC invocations=69 (full 0):
 garbage-first heap   total 327680K, used 245393K [0x0000000080000000, 0x0000000100000000)
  region size 1024K, 7 young (7168K), 7 survivors (7168K)
 Metaspace       used 137444K, committed 138688K, reserved 1179648K
  class space    used 18358K, committed 18944K, reserved 1048576K
}
Event: 2179.043 GC heap before
{Heap before GC invocations=69 (full 0):
 garbage-first heap   total 327680K, used 277137K [0x0000000080000000, 0x0000000100000000)
  region size 1024K, 38 young (38912K), 7 survivors (7168K)
 Metaspace       used 139760K, committed 140992K, reserved 1179648K
  class space    used 18639K, committed 19264K, reserved 1048576K
}
Event: 2179.049 GC heap after
{Heap after GC invocations=70 (full 0):
 garbage-first heap   total 327680K, used 250537K [0x0000000080000000, 0x0000000100000000)
  region size 1024K, 5 young (5120K), 5 survivors (5120K)
 Metaspace       used 139760K, committed 140992K, reserved 1179648K
  class space    used 18639K, committed 19264K, reserved 1048576K
}
Event: 2179.377 GC heap before
{Heap before GC invocations=70 (full 0):
 garbage-first heap   total 327680K, used 279209K [0x0000000080000000, 0x0000000100000000)
  region size 1024K, 34 young (34816K), 5 survivors (5120K)
 Metaspace       used 140259K, committed 141504K, reserved 1179648K
  class space    used 18668K, committed 19264K, reserved 1048576K
}
Event: 2179.384 GC heap after
{Heap after GC invocations=71 (full 0):
 garbage-first heap   total 327680K, used 251962K [0x0000000080000000, 0x0000000100000000)
  region size 1024K, 2 young (2048K), 2 survivors (2048K)
 Metaspace       used 140259K, committed 141504K, reserved 1179648K
  class space    used 18668K, committed 19264K, reserved 1048576K
}
Event: 2179.671 GC heap before
{Heap before GC invocations=71 (full 0):
 garbage-first heap   total 327680K, used 282682K [0x0000000080000000, 0x0000000100000000)
  region size 1024K, 31 young (31744K), 2 survivors (2048K)
 Metaspace       used 141798K, committed 143104K, reserved 1179648K
  class space    used 18911K, committed 19520K, reserved 1048576K
}
Event: 2179.674 GC heap after
{Heap after GC invocations=72 (full 0):
 garbage-first heap   total 327680K, used 253438K [0x0000000080000000, 0x0000000100000000)
  region size 1024K, 3 young (3072K), 3 survivors (3072K)
 Metaspace       used 141798K, committed 143104K, reserved 1179648K
  class space    used 18911K, committed 19520K, reserved 1048576K
}
Event: 2179.993 GC heap before
{Heap before GC invocations=72 (full 0):
 garbage-first heap   total 327680K, used 282110K [0x0000000080000000, 0x0000000100000000)
  region size 1024K, 32 young (32768K), 3 survivors (3072K)
 Metaspace       used 145309K, committed 146624K, reserved 1179648K
  class space    used 19509K, committed 20096K, reserved 1048576K
}
Event: 2179.996 GC heap after
{Heap after GC invocations=73 (full 0):
 garbage-first heap   total 327680K, used 255835K [0x0000000080000000, 0x0000000100000000)
  region size 1024K, 4 young (4096K), 4 survivors (4096K)
 Metaspace       used 145309K, committed 146624K, reserved 1179648K
  class space    used 19509K, committed 20096K, reserved 1048576K
}
Event: 2180.138 GC heap before
{Heap before GC invocations=73 (full 0):
 garbage-first heap   total 327680K, used 283483K [0x0000000080000000, 0x0000000100000000)
  region size 1024K, 32 young (32768K), 4 survivors (4096K)
 Metaspace       used 147158K, committed 148416K, reserved 1179648K
  class space    used 19848K, committed 20416K, reserved 1048576K
}
Event: 2180.142 GC heap after
{Heap after GC invocations=74 (full 0):
 garbage-first heap   total 327680K, used 262015K [0x0000000080000000, 0x0000000100000000)
  region size 1024K, 4 young (4096K), 4 survivors (4096K)
 Metaspace       used 147158K, committed 148416K, reserved 1179648K
  class space    used 19848K, committed 20416K, reserved 1048576K
}
Event: 2180.292 GC heap before
{Heap before GC invocations=74 (full 0):
 garbage-first heap   total 327680K, used 283519K [0x0000000080000000, 0x0000000100000000)
  region size 1024K, 26 young (26624K), 4 survivors (4096K)
 Metaspace       used 149618K, committed 150976K, reserved 1179648K
  class space    used 20249K, committed 20864K, reserved 1048576K
}
Event: 2180.296 GC heap after
{Heap after GC invocations=75 (full 0):
 garbage-first heap   total 327680K, used 263762K [0x0000000080000000, 0x0000000100000000)
  region size 1024K, 2 young (2048K), 2 survivors (2048K)
 Metaspace       used 149618K, committed 150976K, reserved 1179648K
  class space    used 20249K, committed 20864K, reserved 1048576K
}
Event: 2180.534 GC heap before
{Heap before GC invocations=75 (full 0):
 garbage-first heap   total 327680K, used 284242K [0x0000000080000000, 0x0000000100000000)
  region size 1024K, 23 young (23552K), 2 survivors (2048K)
 Metaspace       used 152496K, committed 153856K, reserved 1245184K
  class space    used 21027K, committed 21632K, reserved 1048576K
}
Event: 2180.537 GC heap after
{Heap after GC invocations=76 (full 0):
 garbage-first heap   total 327680K, used 264702K [0x0000000080000000, 0x0000000100000000)
  region size 1024K, 3 young (3072K), 3 survivors (3072K)
 Metaspace       used 152496K, committed 153856K, reserved 1245184K
  class space    used 21027K, committed 21632K, reserved 1048576K
}
Event: 2180.671 GC heap before
{Heap before GC invocations=76 (full 0):
 garbage-first heap   total 327680K, used 282110K [0x0000000080000000, 0x0000000100000000)
  region size 1024K, 22 young (22528K), 3 survivors (3072K)
 Metaspace       used 154355K, committed 155648K, reserved 1245184K
  class space    used 21351K, committed 21952K, reserved 1048576K
}
Event: 2180.675 GC heap after
{Heap after GC invocations=77 (full 0):
 garbage-first heap   total 327680K, used 265507K [0x0000000080000000, 0x0000000100000000)
  region size 1024K, 2 young (2048K), 2 survivors (2048K)
 Metaspace       used 154355K, committed 155648K, reserved 1245184K
  class space    used 21351K, committed 21952K, reserved 1048576K
}

