# JRE version: OpenJDK Runtime Environment (17.0.9) (build 17.0.9+0--11185874)
# Java VM: OpenJDK 64-Bit Server VM (17.0.9+0--11185874, mixed mode, tiered, compressed oops, compressed class ptrs, g1 gc, windows-amd64)
GC Precious Log:
 CPUs: 12 total, 12 available
 Memory: 15573M
 Large Page Support: Disabled
 NUMA Support: Disabled
 Compressed Oops: Enabled (32-bit)
 Heap Region Size: 1M
 Heap Min Capacity: 8M
 Heap Initial Capacity: 244M
 Heap Max Capacity: 2G
 Pre-touch: Disabled
 Parallel Workers: 10
 Concurrent Workers: 3
 Concurrent Refinement Workers: 10
 Periodic GC: Disabled
Heap:
 garbage-first heap   total 281600K, used 176336K [0x0000000080000000, 0x0000000100000000)
  region size 1024K, 6 young (6144K), 6 survivors (6144K)
 Metaspace       used 113074K, committed 113984K, reserved 1179648K
  class space    used 15428K, committed 15872K, reserved 1048576K
GC Heap History (20 events):
Event: 7.285 GC heap after
{Heap after GC invocations=37 (full 0):
 garbage-first heap   total 221184K, used 77599K [0x0000000080000000, 0x0000000100000000)
  region size 1024K, 15 young (15360K), 15 survivors (15360K)
 Metaspace       used 94575K, committed 95360K, reserved 1179648K
  class space    used 13320K, committed 13696K, reserved 1048576K
}
Event: 7.988 GC heap before
{Heap before GC invocations=37 (full 0):
 garbage-first heap   total 221184K, used 191263K [0x0000000080000000, 0x0000000100000000)
  region size 1024K, 110 young (112640K), 15 survivors (15360K)
 Metaspace       used 97157K, committed 97920K, reserved 1179648K
  class space    used 13566K, committed 13952K, reserved 1048576K
}
Event: 8.001 GC heap after
{Heap after GC invocations=38 (full 0):
 garbage-first heap   total 234496K, used 105530K [0x0000000080000000, 0x0000000100000000)
  region size 1024K, 14 young (14336K), 14 survivors (14336K)
 Metaspace       used 97157K, committed 97920K, reserved 1179648K
  class space    used 13566K, committed 13952K, reserved 1048576K
}
Event: 8.295 GC heap before
{Heap before GC invocations=38 (full 0):
 garbage-first heap   total 234496K, used 190522K [0x0000000080000000, 0x0000000100000000)
  region size 1024K, 81 young (82944K), 14 survivors (14336K)
 Metaspace       used 97858K, committed 98624K, reserved 1179648K
  class space    used 13616K, committed 14016K, reserved 1048576K
}
Event: 8.303 GC heap after
{Heap after GC invocations=39 (full 0):
 garbage-first heap   total 234496K, used 115147K [0x0000000080000000, 0x0000000100000000)
  region size 1024K, 8 young (8192K), 8 survivors (8192K)
 Metaspace       used 97858K, committed 98624K, reserved 1179648K
  class space    used 13616K, committed 14016K, reserved 1048576K
}
Event: 8.476 GC heap before
{Heap before GC invocations=39 (full 0):
 garbage-first heap   total 234496K, used 177611K [0x0000000080000000, 0x0000000100000000)
  region size 1024K, 70 young (71680K), 8 survivors (8192K)
 Metaspace       used 101092K, committed 101888K, reserved 1179648K
  class space    used 13942K, committed 14272K, reserved 1048576K
}
Event: 8.483 GC heap after
{Heap after GC invocations=40 (full 0):
 garbage-first heap   total 234496K, used 122132K [0x0000000080000000, 0x0000000100000000)
  region size 1024K, 6 young (6144K), 6 survivors (6144K)
 Metaspace       used 101092K, committed 101888K, reserved 1179648K
  class space    used 13942K, committed 14272K, reserved 1048576K
}
Event: 8.585 GC heap before
{Heap before GC invocations=40 (full 0):
 garbage-first heap   total 234496K, used 182548K [0x0000000080000000, 0x0000000100000000)
  region size 1024K, 66 young (67584K), 6 survivors (6144K)
 Metaspace       used 101990K, committed 102784K, reserved 1179648K
  class space    used 14028K, committed 14400K, reserved 1048576K
}
Event: 8.588 GC heap after
{Heap after GC invocations=41 (full 0):
 garbage-first heap   total 281600K, used 123815K [0x0000000080000000, 0x0000000100000000)
  region size 1024K, 4 young (4096K), 4 survivors (4096K)
 Metaspace       used 101990K, committed 102784K, reserved 1179648K
  class space    used 14028K, committed 14400K, reserved 1048576K
}
Event: 8.895 GC heap before
{Heap before GC invocations=41 (full 0):
 garbage-first heap   total 281600K, used 222119K [0x0000000080000000, 0x0000000100000000)
  region size 1024K, 97 young (99328K), 4 survivors (4096K)
 Metaspace       used 104601K, committed 105408K, reserved 1179648K
  class space    used 14337K, committed 14720K, reserved 1048576K
}
Event: 8.899 GC heap after
{Heap after GC invocations=42 (full 0):
 garbage-first heap   total 281600K, used 127830K [0x0000000080000000, 0x0000000100000000)
  region size 1024K, 8 young (8192K), 8 survivors (8192K)
 Metaspace       used 104601K, committed 105408K, reserved 1179648K
  class space    used 14337K, committed 14720K, reserved 1048576K
}
Event: 9.148 GC heap before
{Heap before GC invocations=42 (full 0):
 garbage-first heap   total 281600K, used 222038K [0x0000000080000000, 0x0000000100000000)
  region size 1024K, 101 young (103424K), 8 survivors (8192K)
 Metaspace       used 106614K, committed 107456K, reserved 1179648K
  class space    used 14566K, committed 14976K, reserved 1048576K
}
Event: 9.155 GC heap after
{Heap after GC invocations=43 (full 0):
 garbage-first heap   total 281600K, used 135978K [0x0000000080000000, 0x0000000100000000)
  region size 1024K, 13 young (13312K), 13 survivors (13312K)
 Metaspace       used 106614K, committed 107456K, reserved 1179648K
  class space    used 14566K, committed 14976K, reserved 1048576K
}
Event: 9.379 GC heap before
{Heap before GC invocations=43 (full 0):
 garbage-first heap   total 281600K, used 236330K [0x0000000080000000, 0x0000000100000000)
  region size 1024K, 100 young (102400K), 13 survivors (13312K)
 Metaspace       used 110459K, committed 111296K, reserved 1179648K
  class space    used 15073K, committed 15488K, reserved 1048576K
}
Event: 9.387 GC heap after
{Heap after GC invocations=44 (full 0):
 garbage-first heap   total 281600K, used 158234K [0x0000000080000000, 0x0000000100000000)
  region size 1024K, 11 young (11264K), 11 survivors (11264K)
 Metaspace       used 110459K, committed 111296K, reserved 1179648K
  class space    used 15073K, committed 15488K, reserved 1048576K
}
Event: 9.599 GC heap before
{Heap before GC invocations=44 (full 0):
 garbage-first heap   total 281600K, used 235034K [0x0000000080000000, 0x0000000100000000)
  region size 1024K, 80 young (81920K), 11 survivors (11264K)
 Metaspace       used 112890K, committed 113728K, reserved 1179648K
  class space    used 15409K, committed 15808K, reserved 1048576K
}
Event: 9.603 GC heap after
{Heap after GC invocations=45 (full 0):
 garbage-first heap   total 281600K, used 160753K [0x0000000080000000, 0x0000000100000000)
  region size 1024K, 4 young (4096K), 4 survivors (4096K)
 Metaspace       used 112890K, committed 113728K, reserved 1179648K
  class space    used 15409K, committed 15808K, reserved 1048576K
}
Event: 9.620 GC heap before
{Heap before GC invocations=45 (full 0):
 garbage-first heap   total 281600K, used 192497K [0x0000000080000000, 0x0000000100000000)
  region size 1024K, 18 young (18432K), 4 survivors (4096K)
 Metaspace       used 113004K, committed 113920K, reserved 1179648K
  class space    used 15425K, committed 15872K, reserved 1048576K
}
Event: 9.623 GC heap after
{Heap after GC invocations=46 (full 0):
 garbage-first heap   total 281600K, used 174633K [0x0000000080000000, 0x0000000100000000)
  region size 1024K, 8 young (8192K), 8 survivors (8192K)
 Metaspace       used 113004K, committed 113920K, reserved 1179648K
  class space    used 15425K, committed 15872K, reserved 1048576K
}
Event: 9.652 GC heap before
{Heap before GC invocations=46 (full 0):
 garbage-first heap   total 281600K, used 193065K [0x0000000080000000, 0x0000000100000000)
  region size 1024K, 22 young (22528K), 8 survivors (8192K)
 Metaspace       used 113074K, committed 113984K, reserved 1179648K
  class space    used 15428K, committed 15872K, reserved 1048576K
}

