# JRE version: OpenJDK Runtime Environment (17.0.9) (build 17.0.9+0--11185874)
# Java VM: OpenJDK 64-Bit Server VM (17.0.9+0--11185874, mixed mode, tiered, compressed oops, compressed class ptrs, g1 gc, windows-amd64)
GC Precious Log:
 CPUs: 12 total, 12 available
 Memory: 15573M
 Large Page Support: Disabled
 NUMA Support: Disabled
 Compressed Oops: Enabled (32-bit)
 Heap Region Size: 1M
 Heap Min Capacity: 8M
 Heap Initial Capacity: 244M
 Heap Max Capacity: 2G
 Pre-touch: Disabled
 Parallel Workers: 10
 Concurrent Workers: 3
 Concurrent Refinement Workers: 10
 Periodic GC: Disabled
Heap:
 garbage-first heap   total 253952K, used 134048K [0x0000000080000000, 0x0000000100000000)
  region size 1024K, 2 young (2048K), 2 survivors (2048K)
 Metaspace       used 102425K, committed 103296K, reserved 1179648K
  class space    used 14024K, committed 14464K, reserved 1048576K
GC Heap History (20 events):
Event: 1112.115 GC heap after
{Heap after GC invocations=31 (full 0):
 garbage-first heap   total 166912K, used 88304K [0x0000000080000000, 0x0000000100000000)
  region size 1024K, 2 young (2048K), 2 survivors (2048K)
 Metaspace       used 96638K, committed 97408K, reserved 1179648K
  class space    used 13473K, committed 13824K, reserved 1048576K
}
Event: 1112.187 GC heap before
{Heap before GC invocations=31 (full 0):
 garbage-first heap   total 166912K, used 94448K [0x0000000080000000, 0x0000000100000000)
  region size 1024K, 8 young (8192K), 2 survivors (2048K)
 Metaspace       used 96799K, committed 97600K, reserved 1179648K
  class space    used 13489K, committed 13888K, reserved 1048576K
}
Event: 1112.192 GC heap after
{Heap after GC invocations=32 (full 0):
 garbage-first heap   total 166912K, used 82141K [0x0000000080000000, 0x0000000100000000)
  region size 1024K, 1 young (1024K), 1 survivors (1024K)
 Metaspace       used 96799K, committed 97600K, reserved 1179648K
  class space    used 13489K, committed 13888K, reserved 1048576K
}
Event: 1117.792 GC heap before
{Heap before GC invocations=32 (full 0):
 garbage-first heap   total 166912K, used 134365K [0x0000000080000000, 0x0000000100000000)
  region size 1024K, 53 young (54272K), 1 survivors (1024K)
 Metaspace       used 97189K, committed 97984K, reserved 1179648K
  class space    used 13525K, committed 13888K, reserved 1048576K
}
Event: 1117.796 GC heap after
{Heap after GC invocations=33 (full 0):
 garbage-first heap   total 166912K, used 87811K [0x0000000080000000, 0x0000000100000000)
  region size 1024K, 7 young (7168K), 7 survivors (7168K)
 Metaspace       used 97189K, committed 97984K, reserved 1179648K
  class space    used 13525K, committed 13888K, reserved 1048576K
}
Event: 1118.139 GC heap before
{Heap before GC invocations=34 (full 0):
 garbage-first heap   total 166912K, used 139011K [0x0000000080000000, 0x0000000100000000)
  region size 1024K, 53 young (54272K), 7 survivors (7168K)
 Metaspace       used 99146K, committed 99968K, reserved 1179648K
  class space    used 13708K, committed 14144K, reserved 1048576K
}
Event: 1118.144 GC heap after
{Heap after GC invocations=35 (full 0):
 garbage-first heap   total 166912K, used 93003K [0x0000000080000000, 0x0000000100000000)
  region size 1024K, 6 young (6144K), 6 survivors (6144K)
 Metaspace       used 99146K, committed 99968K, reserved 1179648K
  class space    used 13708K, committed 14144K, reserved 1048576K
}
Event: 1118.153 GC heap before
{Heap before GC invocations=35 (full 0):
 garbage-first heap   total 166912K, used 95051K [0x0000000080000000, 0x0000000100000000)
  region size 1024K, 8 young (8192K), 6 survivors (6144K)
 Metaspace       used 99305K, committed 100160K, reserved 1179648K
  class space    used 13735K, committed 14144K, reserved 1048576K
}
Event: 1118.157 GC heap after
{Heap after GC invocations=36 (full 0):
 garbage-first heap   total 203776K, used 92444K [0x0000000080000000, 0x0000000100000000)
  region size 1024K, 1 young (1024K), 1 survivors (1024K)
 Metaspace       used 99305K, committed 100160K, reserved 1179648K
  class space    used 13735K, committed 14144K, reserved 1048576K
}
Event: 1118.589 GC heap before
{Heap before GC invocations=36 (full 0):
 garbage-first heap   total 203776K, used 132380K [0x0000000080000000, 0x0000000100000000)
  region size 1024K, 42 young (43008K), 1 survivors (1024K)
 Metaspace       used 101138K, committed 102016K, reserved 1179648K
  class space    used 13919K, committed 14336K, reserved 1048576K
}
Event: 1118.592 GC heap after
{Heap after GC invocations=37 (full 0):
 garbage-first heap   total 203776K, used 101310K [0x0000000080000000, 0x0000000100000000)
  region size 1024K, 9 young (9216K), 9 survivors (9216K)
 Metaspace       used 101138K, committed 102016K, reserved 1179648K
  class space    used 13919K, committed 14336K, reserved 1048576K
}
Event: 1119.003 GC heap before
{Heap before GC invocations=38 (full 0):
 garbage-first heap   total 203776K, used 178110K [0x0000000080000000, 0x0000000100000000)
  region size 1024K, 68 young (69632K), 9 survivors (9216K)
 Metaspace       used 101733K, committed 102592K, reserved 1179648K
  class space    used 13965K, committed 14400K, reserved 1048576K
}
Event: 1119.011 GC heap after
{Heap after GC invocations=39 (full 0):
 garbage-first heap   total 207872K, used 122298K [0x0000000080000000, 0x0000000100000000)
  region size 1024K, 9 young (9216K), 9 survivors (9216K)
 Metaspace       used 101733K, committed 102592K, reserved 1179648K
  class space    used 13965K, committed 14400K, reserved 1048576K
}
Event: 1119.017 GC heap before
{Heap before GC invocations=39 (full 0):
 garbage-first heap   total 207872K, used 123322K [0x0000000080000000, 0x0000000100000000)
  region size 1024K, 10 young (10240K), 9 survivors (9216K)
 Metaspace       used 101733K, committed 102592K, reserved 1179648K
  class space    used 13965K, committed 14400K, reserved 1048576K
}
Event: 1119.021 GC heap after
{Heap after GC invocations=40 (full 0):
 garbage-first heap   total 207872K, used 122061K [0x0000000080000000, 0x0000000100000000)
  region size 1024K, 2 young (2048K), 2 survivors (2048K)
 Metaspace       used 101733K, committed 102592K, reserved 1179648K
  class space    used 13965K, committed 14400K, reserved 1048576K
}
Event: 1119.142 GC heap before
{Heap before GC invocations=40 (full 0):
 garbage-first heap   total 207872K, used 144589K [0x0000000080000000, 0x0000000100000000)
  region size 1024K, 25 young (25600K), 2 survivors (2048K)
 Metaspace       used 101817K, committed 102720K, reserved 1179648K
  class space    used 13975K, committed 14400K, reserved 1048576K
}
Event: 1119.145 GC heap after
{Heap after GC invocations=41 (full 0):
 garbage-first heap   total 207872K, used 128665K [0x0000000080000000, 0x0000000100000000)
  region size 1024K, 6 young (6144K), 6 survivors (6144K)
 Metaspace       used 101817K, committed 102720K, reserved 1179648K
  class space    used 13975K, committed 14400K, reserved 1048576K
}
Event: 1119.261 GC heap before
{Heap before GC invocations=42 (full 0):
 garbage-first heap   total 249856K, used 180889K [0x0000000080000000, 0x0000000100000000)
  region size 1024K, 41 young (41984K), 6 survivors (6144K)
 Metaspace       used 102301K, committed 103232K, reserved 1179648K
  class space    used 14013K, committed 14464K, reserved 1048576K
}
Event: 1119.265 GC heap after
{Heap after GC invocations=43 (full 0):
 garbage-first heap   total 249856K, used 134537K [0x0000000080000000, 0x0000000100000000)
  region size 1024K, 6 young (6144K), 6 survivors (6144K)
 Metaspace       used 102301K, committed 103232K, reserved 1179648K
  class space    used 14013K, committed 14464K, reserved 1048576K
}
Event: 1119.275 GC heap before
{Heap before GC invocations=43 (full 0):
 garbage-first heap   total 249856K, used 139657K [0x0000000080000000, 0x0000000100000000)
  region size 1024K, 12 young (12288K), 6 survivors (6144K)
 Metaspace       used 102425K, committed 103296K, reserved 1179648K
  class space    used 14024K, committed 14464K, reserved 1048576K
}

