# JRE version: OpenJDK Runtime Environment (17.0.9) (build 17.0.9+0--11185874)
# Java VM: OpenJDK 64-Bit Server VM (17.0.9+0--11185874, mixed mode, tiered, compressed oops, compressed class ptrs, g1 gc, windows-amd64)
GC Precious Log:
 CPUs: 12 total, 12 available
 Memory: 15573M
 Large Page Support: Disabled
 NUMA Support: Disabled
 Compressed Oops: Enabled (32-bit)
 Heap Region Size: 1M
 Heap Min Capacity: 8M
 Heap Initial Capacity: 244M
 Heap Max Capacity: 2G
 Pre-touch: Disabled
 Parallel Workers: 10
 Concurrent Workers: 3
 Concurrent Refinement Workers: 10
 Periodic GC: Disabled
Heap:
 garbage-first heap   total 378880K, used 356664K [0x0000000080000000, 0x0000000100000000)
  region size 1024K, 29 young (29696K), 6 survivors (6144K)
 Metaspace       used 200009K, committed 201280K, reserved 1245184K
  class space    used 26213K, committed 26816K, reserved 1048576K
GC Heap History (20 events):
Event: 1777.951 GC heap before
{Heap before GC invocations=102 (full 0):
 garbage-first heap   total 378880K, used 307374K [0x0000000080000000, 0x0000000100000000)
  region size 1024K, 39 young (39936K), 5 survivors (5120K)
 Metaspace       used 182431K, committed 183680K, reserved 1245184K
  class space    used 23801K, committed 24448K, reserved 1048576K
}
Event: 1777.955 GC heap after
{Heap after GC invocations=103 (full 0):
 garbage-first heap   total 378880K, used 276733K [0x0000000080000000, 0x0000000100000000)
  region size 1024K, 4 young (4096K), 4 survivors (4096K)
 Metaspace       used 182431K, committed 183680K, reserved 1245184K
  class space    used 23801K, committed 24448K, reserved 1048576K
}
Event: 1778.069 GC heap before
{Heap before GC invocations=103 (full 0):
 garbage-first heap   total 378880K, used 311549K [0x0000000080000000, 0x0000000100000000)
  region size 1024K, 39 young (39936K), 4 survivors (4096K)
 Metaspace       used 183206K, committed 184448K, reserved 1245184K
  class space    used 23896K, committed 24512K, reserved 1048576K
}
Event: 1778.072 GC heap after
{Heap after GC invocations=104 (full 0):
 garbage-first heap   total 378880K, used 279916K [0x0000000080000000, 0x0000000100000000)
  region size 1024K, 4 young (4096K), 4 survivors (4096K)
 Metaspace       used 183206K, committed 184448K, reserved 1245184K
  class space    used 23896K, committed 24512K, reserved 1048576K
}
Event: 1778.213 GC heap before
{Heap before GC invocations=104 (full 0):
 garbage-first heap   total 378880K, used 315756K [0x0000000080000000, 0x0000000100000000)
  region size 1024K, 40 young (40960K), 4 survivors (4096K)
 Metaspace       used 184388K, committed 185664K, reserved 1245184K
  class space    used 24062K, committed 24704K, reserved 1048576K
}
Event: 1778.217 GC heap after
{Heap after GC invocations=105 (full 0):
 garbage-first heap   total 378880K, used 285595K [0x0000000080000000, 0x0000000100000000)
  region size 1024K, 5 young (5120K), 5 survivors (5120K)
 Metaspace       used 184388K, committed 185664K, reserved 1245184K
  class space    used 24062K, committed 24704K, reserved 1048576K
}
Event: 1778.399 GC heap before
{Heap before GC invocations=105 (full 0):
 garbage-first heap   total 378880K, used 319387K [0x0000000080000000, 0x0000000100000000)
  region size 1024K, 39 young (39936K), 5 survivors (5120K)
 Metaspace       used 186083K, committed 187328K, reserved 1245184K
  class space    used 24299K, committed 24960K, reserved 1048576K
}
Event: 1778.401 GC heap after
{Heap after GC invocations=106 (full 0):
 garbage-first heap   total 378880K, used 285640K [0x0000000080000000, 0x0000000100000000)
  region size 1024K, 1 young (1024K), 1 survivors (1024K)
 Metaspace       used 186083K, committed 187328K, reserved 1245184K
  class space    used 24299K, committed 24960K, reserved 1048576K
}
Event: 1778.777 GC heap before
{Heap before GC invocations=106 (full 0):
 garbage-first heap   total 378880K, used 321480K [0x0000000080000000, 0x0000000100000000)
  region size 1024K, 37 young (37888K), 1 survivors (1024K)
 Metaspace       used 189950K, committed 191296K, reserved 1245184K
  class space    used 24879K, committed 25536K, reserved 1048576K
}
Event: 1778.779 GC heap after
{Heap after GC invocations=107 (full 0):
 garbage-first heap   total 378880K, used 286574K [0x0000000080000000, 0x0000000100000000)
  region size 1024K, 2 young (2048K), 2 survivors (2048K)
 Metaspace       used 189950K, committed 191296K, reserved 1245184K
  class space    used 24879K, committed 25536K, reserved 1048576K
}
Event: 1779.109 GC heap before
{Heap before GC invocations=107 (full 0):
 garbage-first heap   total 378880K, used 324462K [0x0000000080000000, 0x0000000100000000)
  region size 1024K, 40 young (40960K), 2 survivors (2048K)
 Metaspace       used 194092K, committed 195392K, reserved 1245184K
  class space    used 25466K, committed 26112K, reserved 1048576K
}
Event: 1779.112 GC heap after
{Heap after GC invocations=108 (full 0):
 garbage-first heap   total 378880K, used 288134K [0x0000000080000000, 0x0000000100000000)
  region size 1024K, 4 young (4096K), 4 survivors (4096K)
 Metaspace       used 194092K, committed 195392K, reserved 1245184K
  class space    used 25466K, committed 26112K, reserved 1048576K
}
Event: 1779.533 GC heap before
{Heap before GC invocations=108 (full 0):
 garbage-first heap   total 378880K, used 327046K [0x0000000080000000, 0x0000000100000000)
  region size 1024K, 42 young (43008K), 4 survivors (4096K)
 Metaspace       used 196320K, committed 197632K, reserved 1245184K
  class space    used 25788K, committed 26432K, reserved 1048576K
}
Event: 1779.536 GC heap after
{Heap after GC invocations=109 (full 0):
 garbage-first heap   total 378880K, used 288382K [0x0000000080000000, 0x0000000100000000)
  region size 1024K, 4 young (4096K), 4 survivors (4096K)
 Metaspace       used 196320K, committed 197632K, reserved 1245184K
  class space    used 25788K, committed 26432K, reserved 1048576K
}
Event: 1779.798 GC heap before
{Heap before GC invocations=109 (full 0):
 garbage-first heap   total 378880K, used 328318K [0x0000000080000000, 0x0000000100000000)
  region size 1024K, 43 young (44032K), 4 survivors (4096K)
 Metaspace       used 197062K, committed 198336K, reserved 1245184K
  class space    used 25817K, committed 26432K, reserved 1048576K
}
Event: 1779.801 GC heap after
{Heap after GC invocations=110 (full 0):
 garbage-first heap   total 378880K, used 288237K [0x0000000080000000, 0x0000000100000000)
  region size 1024K, 2 young (2048K), 2 survivors (2048K)
 Metaspace       used 197062K, committed 198336K, reserved 1245184K
  class space    used 25817K, committed 26432K, reserved 1048576K
}
Event: 1780.019 GC heap before
{Heap before GC invocations=110 (full 0):
 garbage-first heap   total 378880K, used 331245K [0x0000000080000000, 0x0000000100000000)
  region size 1024K, 44 young (45056K), 2 survivors (2048K)
 Metaspace       used 197528K, committed 198784K, reserved 1245184K
  class space    used 25861K, committed 26496K, reserved 1048576K
}
Event: 1780.022 GC heap after
{Heap after GC invocations=111 (full 0):
 garbage-first heap   total 378880K, used 288547K [0x0000000080000000, 0x0000000100000000)
  region size 1024K, 3 young (3072K), 3 survivors (3072K)
 Metaspace       used 197528K, committed 198784K, reserved 1245184K
  class space    used 25861K, committed 26496K, reserved 1048576K
}
Event: 1780.422 GC heap before
{Heap before GC invocations=111 (full 0):
 garbage-first heap   total 378880K, used 333603K [0x0000000080000000, 0x0000000100000000)
  region size 1024K, 36 young (36864K), 3 survivors (3072K)
 Metaspace       used 199839K, committed 201088K, reserved 1245184K
  class space    used 26201K, committed 26816K, reserved 1048576K
}
Event: 1780.426 GC heap after
{Heap after GC invocations=112 (full 0):
 garbage-first heap   total 378880K, used 305464K [0x0000000080000000, 0x0000000100000000)
  region size 1024K, 6 young (6144K), 6 survivors (6144K)
 Metaspace       used 199839K, committed 201088K, reserved 1245184K
  class space    used 26201K, committed 26816K, reserved 1048576K
}

