# JRE version: OpenJDK Runtime Environment (17.0.9) (build 17.0.9+0--11185874)
# Java VM: OpenJDK 64-Bit Server VM (17.0.9+0--11185874, mixed mode, tiered, compressed oops, compressed class ptrs, g1 gc, windows-amd64)
GC Precious Log:
 CPUs: 12 total, 12 available
 Memory: 15573M
 Large Page Support: Disabled
 NUMA Support: Disabled
 Compressed Oops: Enabled (32-bit)
 Heap Region Size: 1M
 Heap Min Capacity: 8M
 Heap Initial Capacity: 244M
 Heap Max Capacity: 2G
 Pre-touch: Disabled
 Parallel Workers: 10
 Concurrent Workers: 3
 Concurrent Refinement Workers: 10
 Periodic GC: Disabled
Heap:
 garbage-first heap   total 313344K, used 123959K [0x0000000080000000, 0x0000000100000000)
  region size 1024K, 2 young (2048K), 2 survivors (2048K)
 Metaspace       used 111768K, committed 112576K, reserved 1179648K
  class space    used 15279K, committed 15680K, reserved 1048576K
GC Heap History (20 events):
Event: 8.411 GC heap after
{Heap after GC invocations=32 (full 0):
 garbage-first heap   total 214016K, used 117986K [0x0000000080000000, 0x0000000100000000)
  region size 1024K, 2 young (2048K), 2 survivors (2048K)
 Metaspace       used 97473K, committed 98304K, reserved 1179648K
  class space    used 13589K, committed 14016K, reserved 1048576K
}
Event: 8.471 GC heap before
{Heap before GC invocations=32 (full 0):
 garbage-first heap   total 214016K, used 155874K [0x0000000080000000, 0x0000000100000000)
  region size 1024K, 40 young (40960K), 2 survivors (2048K)
 Metaspace       used 98324K, committed 99072K, reserved 1179648K
  class space    used 13674K, committed 14016K, reserved 1048576K
}
Event: 8.474 GC heap after
{Heap after GC invocations=33 (full 0):
 garbage-first heap   total 214016K, used 123904K [0x0000000080000000, 0x0000000100000000)
  region size 1024K, 5 young (5120K), 5 survivors (5120K)
 Metaspace       used 98324K, committed 99072K, reserved 1179648K
  class space    used 13674K, committed 14016K, reserved 1048576K
}
Event: 8.612 GC heap before
{Heap before GC invocations=34 (full 0):
 garbage-first heap   total 222208K, used 159744K [0x0000000080000000, 0x0000000100000000)
  region size 1024K, 43 young (44032K), 5 survivors (5120K)
 Metaspace       used 100915K, committed 101632K, reserved 1179648K
  class space    used 13923K, committed 14272K, reserved 1048576K
}
Event: 8.615 GC heap after
{Heap after GC invocations=35 (full 0):
 garbage-first heap   total 222208K, used 125678K [0x0000000080000000, 0x0000000100000000)
  region size 1024K, 4 young (4096K), 4 survivors (4096K)
 Metaspace       used 100915K, committed 101632K, reserved 1179648K
  class space    used 13923K, committed 14272K, reserved 1048576K
}
Event: 8.626 GC heap before
{Heap before GC invocations=35 (full 0):
 garbage-first heap   total 222208K, used 131822K [0x0000000080000000, 0x0000000100000000)
  region size 1024K, 10 young (10240K), 4 survivors (4096K)
 Metaspace       used 100930K, committed 101696K, reserved 1179648K
  class space    used 13923K, committed 14272K, reserved 1048576K
}
Event: 8.630 GC heap after
{Heap after GC invocations=36 (full 0):
 garbage-first heap   total 313344K, used 107491K [0x0000000080000000, 0x0000000100000000)
  region size 1024K, 2 young (2048K), 2 survivors (2048K)
 Metaspace       used 100930K, committed 101696K, reserved 1179648K
  class space    used 13923K, committed 14272K, reserved 1048576K
}
Event: 8.654 GC heap before
{Heap before GC invocations=36 (full 0):
 garbage-first heap   total 313344K, used 119779K [0x0000000080000000, 0x0000000100000000)
  region size 1024K, 15 young (15360K), 2 survivors (2048K)
 Metaspace       used 100953K, committed 101696K, reserved 1179648K
  class space    used 13923K, committed 14272K, reserved 1048576K
}
Event: 8.656 GC heap after
{Heap after GC invocations=37 (full 0):
 garbage-first heap   total 313344K, used 105968K [0x0000000080000000, 0x0000000100000000)
  region size 1024K, 2 young (2048K), 2 survivors (2048K)
 Metaspace       used 100953K, committed 101696K, reserved 1179648K
  class space    used 13923K, committed 14272K, reserved 1048576K
}
Event: 8.893 GC heap before
{Heap before GC invocations=37 (full 0):
 garbage-first heap   total 313344K, used 209392K [0x0000000080000000, 0x0000000100000000)
  region size 1024K, 104 young (106496K), 2 survivors (2048K)
 Metaspace       used 103310K, committed 104128K, reserved 1179648K
  class space    used 14174K, committed 14592K, reserved 1048576K
}
Event: 8.897 GC heap after
{Heap after GC invocations=38 (full 0):
 garbage-first heap   total 313344K, used 114887K [0x0000000080000000, 0x0000000100000000)
  region size 1024K, 11 young (11264K), 11 survivors (11264K)
 Metaspace       used 103310K, committed 104128K, reserved 1179648K
  class space    used 14174K, committed 14592K, reserved 1048576K
}
Event: 9.321 GC heap before
{Heap before GC invocations=38 (full 0):
 garbage-first heap   total 313344K, used 228551K [0x0000000080000000, 0x0000000100000000)
  region size 1024K, 119 young (121856K), 11 survivors (11264K)
 Metaspace       used 105964K, committed 106752K, reserved 1179648K
  class space    used 14501K, committed 14912K, reserved 1048576K
}
Event: 9.327 GC heap after
{Heap after GC invocations=39 (full 0):
 garbage-first heap   total 313344K, used 117536K [0x0000000080000000, 0x0000000100000000)
  region size 1024K, 9 young (9216K), 9 survivors (9216K)
 Metaspace       used 105964K, committed 106752K, reserved 1179648K
  class space    used 14501K, committed 14912K, reserved 1048576K
}
Event: 9.411 GC heap before
{Heap before GC invocations=39 (full 0):
 garbage-first heap   total 313344K, used 148256K [0x0000000080000000, 0x0000000100000000)
  region size 1024K, 34 young (34816K), 9 survivors (9216K)
 Metaspace       used 106880K, committed 107712K, reserved 1179648K
  class space    used 14612K, committed 15040K, reserved 1048576K
}
Event: 9.416 GC heap after
{Heap after GC invocations=40 (full 0):
 garbage-first heap   total 313344K, used 128942K [0x0000000080000000, 0x0000000100000000)
  region size 1024K, 13 young (13312K), 13 survivors (13312K)
 Metaspace       used 106880K, committed 107712K, reserved 1179648K
  class space    used 14612K, committed 15040K, reserved 1048576K
}
Event: 9.418 GC heap before
{Heap before GC invocations=40 (full 0):
 garbage-first heap   total 313344K, used 130990K [0x0000000080000000, 0x0000000100000000)
  region size 1024K, 14 young (14336K), 13 survivors (13312K)
 Metaspace       used 106910K, committed 107776K, reserved 1179648K
  class space    used 14616K, committed 15040K, reserved 1048576K
}
Event: 9.423 GC heap after
{Heap after GC invocations=41 (full 0):
 garbage-first heap   total 313344K, used 131257K [0x0000000080000000, 0x0000000100000000)
  region size 1024K, 6 young (6144K), 6 survivors (6144K)
 Metaspace       used 106910K, committed 107776K, reserved 1179648K
  class space    used 14616K, committed 15040K, reserved 1048576K
}
Event: 9.706 GC heap before
{Heap before GC invocations=42 (full 0):
 garbage-first heap   total 313344K, used 246969K [0x0000000080000000, 0x0000000100000000)
  region size 1024K, 116 young (118784K), 6 survivors (6144K)
 Metaspace       used 111733K, committed 112512K, reserved 1179648K
  class space    used 15273K, committed 15680K, reserved 1048576K
}
Event: 9.712 GC heap after
{Heap after GC invocations=43 (full 0):
 garbage-first heap   total 313344K, used 137799K [0x0000000080000000, 0x0000000100000000)
  region size 1024K, 13 young (13312K), 13 survivors (13312K)
 Metaspace       used 111733K, committed 112512K, reserved 1179648K
  class space    used 15273K, committed 15680K, reserved 1048576K
}
Event: 9.716 GC heap before
{Heap before GC invocations=43 (full 0):
 garbage-first heap   total 313344K, used 139847K [0x0000000080000000, 0x0000000100000000)
  region size 1024K, 15 young (15360K), 13 survivors (13312K)
 Metaspace       used 111768K, committed 112576K, reserved 1179648K
  class space    used 15279K, committed 15680K, reserved 1048576K
}

