# JRE version: Java(TM) SE Runtime Environment (17.0.12+8) (build 17.0.12+8-LTS-286)
# Java VM: Java HotSpot(TM) 64-Bit Server VM (17.0.12+8-LTS-286, mixed mode, sharing, tiered, compressed oops, compressed class ptrs, g1 gc, windows-amd64)
GC Precious Log:
 CPUs: 12 total, 12 available
 Memory: 15573M
 Large Page Support: Disabled
 NUMA Support: Disabled
 Compressed Oops: Enabled (32-bit)
 Heap Region Size: 1M
 Heap Min Capacity: 8M
 Heap Initial Capacity: 244M
 Heap Max Capacity: 2G
 Pre-touch: Disabled
 Parallel Workers: 10
 Concurrent Workers: 3
 Concurrent Refinement Workers: 10
 Periodic GC: Disabled
Heap:
 garbage-first heap   total 146432K, used 99117K [0x0000000080000000, 0x0000000100000000)
  region size 1024K, 22 young (22528K), 5 survivors (5120K)
 Metaspace       used 83883K, committed 84672K, reserved 1179648K
  class space    used 11893K, committed 12288K, reserved 1048576K
GC Heap History (20 events):
Event: 6.111 GC heap before
{Heap before GC invocations=25 (full 0):
 garbage-first heap   total 146432K, used 108749K [0x0000000080000000, 0x0000000100000000)
  region size 1024K, 53 young (54272K), 6 survivors (6144K)
 Metaspace       used 66011K, committed 66752K, reserved 1114112K
  class space    used 9245K, committed 9600K, reserved 1048576K
}
Event: 6.113 GC heap after
{Heap after GC invocations=26 (full 0):
 garbage-first heap   total 146432K, used 62040K [0x0000000080000000, 0x0000000100000000)
  region size 1024K, 5 young (5120K), 5 survivors (5120K)
 Metaspace       used 66011K, committed 66752K, reserved 1114112K
  class space    used 9245K, committed 9600K, reserved 1048576K
}
Event: 6.451 GC heap before
{Heap before GC invocations=26 (full 0):
 garbage-first heap   total 146432K, used 112216K [0x0000000080000000, 0x0000000100000000)
  region size 1024K, 54 young (55296K), 5 survivors (5120K)
 Metaspace       used 69560K, committed 70208K, reserved 1114112K
  class space    used 9836K, committed 10176K, reserved 1048576K
}
Event: 6.454 GC heap after
{Heap after GC invocations=27 (full 0):
 garbage-first heap   total 146432K, used 64044K [0x0000000080000000, 0x0000000100000000)
  region size 1024K, 4 young (4096K), 4 survivors (4096K)
 Metaspace       used 69560K, committed 70208K, reserved 1114112K
  class space    used 9836K, committed 10176K, reserved 1048576K
}
Event: 6.855 GC heap before
{Heap before GC invocations=27 (full 0):
 garbage-first heap   total 146432K, used 115244K [0x0000000080000000, 0x0000000100000000)
  region size 1024K, 54 young (55296K), 4 survivors (4096K)
 Metaspace       used 73612K, committed 74240K, reserved 1114112K
  class space    used 10434K, committed 10752K, reserved 1048576K
}
Event: 6.857 GC heap after
{Heap after GC invocations=28 (full 0):
 garbage-first heap   total 146432K, used 66682K [0x0000000080000000, 0x0000000100000000)
  region size 1024K, 6 young (6144K), 6 survivors (6144K)
 Metaspace       used 73612K, committed 74240K, reserved 1114112K
  class space    used 10434K, committed 10752K, reserved 1048576K
}
Event: 7.047 GC heap before
{Heap before GC invocations=28 (full 0):
 garbage-first heap   total 146432K, used 90234K [0x0000000080000000, 0x0000000100000000)
  region size 1024K, 30 young (30720K), 6 survivors (6144K)
 Metaspace       used 76125K, committed 76800K, reserved 1179648K
  class space    used 10773K, committed 11136K, reserved 1048576K
}
Event: 7.050 GC heap after
{Heap after GC invocations=29 (full 0):
 garbage-first heap   total 146432K, used 68200K [0x0000000080000000, 0x0000000100000000)
  region size 1024K, 5 young (5120K), 5 survivors (5120K)
 Metaspace       used 76125K, committed 76800K, reserved 1179648K
  class space    used 10773K, committed 11136K, reserved 1048576K
}
Event: 7.412 GC heap before
{Heap before GC invocations=30 (full 0):
 garbage-first heap   total 146432K, used 118376K [0x0000000080000000, 0x0000000100000000)
  region size 1024K, 54 young (55296K), 5 survivors (5120K)
 Metaspace       used 78705K, committed 79488K, reserved 1179648K
  class space    used 11111K, committed 11520K, reserved 1048576K
}
Event: 7.415 GC heap after
{Heap after GC invocations=31 (full 0):
 garbage-first heap   total 146432K, used 72095K [0x0000000080000000, 0x0000000100000000)
  region size 1024K, 6 young (6144K), 6 survivors (6144K)
 Metaspace       used 78705K, committed 79488K, reserved 1179648K
  class space    used 11111K, committed 11520K, reserved 1048576K
}
Event: 7.421 GC heap before
{Heap before GC invocations=31 (full 0):
 garbage-first heap   total 146432K, used 73119K [0x0000000080000000, 0x0000000100000000)
  region size 1024K, 7 young (7168K), 6 survivors (6144K)
 Metaspace       used 78827K, committed 79616K, reserved 1179648K
  class space    used 11122K, committed 11520K, reserved 1048576K
}
Event: 7.423 GC heap after
{Heap after GC invocations=32 (full 0):
 garbage-first heap   total 146432K, used 72188K [0x0000000080000000, 0x0000000100000000)
  region size 1024K, 1 young (1024K), 1 survivors (1024K)
 Metaspace       used 78827K, committed 79616K, reserved 1179648K
  class space    used 11122K, committed 11520K, reserved 1048576K
}
Event: 7.838 GC heap before
{Heap before GC invocations=32 (full 0):
 garbage-first heap   total 146432K, used 118268K [0x0000000080000000, 0x0000000100000000)
  region size 1024K, 46 young (47104K), 1 survivors (1024K)
 Metaspace       used 82127K, committed 82880K, reserved 1179648K
  class space    used 11591K, committed 11968K, reserved 1048576K
}
Event: 7.841 GC heap after
{Heap after GC invocations=33 (full 0):
 garbage-first heap   total 146432K, used 74493K [0x0000000080000000, 0x0000000100000000)
  region size 1024K, 3 young (3072K), 3 survivors (3072K)
 Metaspace       used 82127K, committed 82880K, reserved 1179648K
  class space    used 11591K, committed 11968K, reserved 1048576K
}
Event: 8.103 GC heap before
{Heap before GC invocations=34 (full 0):
 garbage-first heap   total 146432K, used 118525K [0x0000000080000000, 0x0000000100000000)
  region size 1024K, 47 young (48128K), 3 survivors (3072K)
 Metaspace       used 83266K, committed 84032K, reserved 1179648K
  class space    used 11850K, committed 12224K, reserved 1048576K
}
Event: 8.107 GC heap after
{Heap after GC invocations=35 (full 0):
 garbage-first heap   total 146432K, used 79434K [0x0000000080000000, 0x0000000100000000)
  region size 1024K, 6 young (6144K), 6 survivors (6144K)
 Metaspace       used 83266K, committed 84032K, reserved 1179648K
  class space    used 11850K, committed 12224K, reserved 1048576K
}
Event: 8.111 GC heap before
{Heap before GC invocations=35 (full 0):
 garbage-first heap   total 146432K, used 80458K [0x0000000080000000, 0x0000000100000000)
  region size 1024K, 7 young (7168K), 6 survivors (6144K)
 Metaspace       used 83280K, committed 84032K, reserved 1179648K
  class space    used 11850K, committed 12224K, reserved 1048576K
}
Event: 8.114 GC heap after
{Heap after GC invocations=36 (full 0):
 garbage-first heap   total 146432K, used 80402K [0x0000000080000000, 0x0000000100000000)
  region size 1024K, 1 young (1024K), 1 survivors (1024K)
 Metaspace       used 83280K, committed 84032K, reserved 1179648K
  class space    used 11850K, committed 12224K, reserved 1048576K
}
Event: 8.319 GC heap before
{Heap before GC invocations=36 (full 0):
 garbage-first heap   total 146432K, used 118290K [0x0000000080000000, 0x0000000100000000)
  region size 1024K, 39 young (39936K), 1 survivors (1024K)
 Metaspace       used 83820K, committed 84608K, reserved 1179648K
  class space    used 11899K, committed 12288K, reserved 1048576K
}
Event: 8.321 GC heap after
{Heap after GC invocations=37 (full 0):
 garbage-first heap   total 146432K, used 83757K [0x0000000080000000, 0x0000000100000000)
  region size 1024K, 5 young (5120K), 5 survivors (5120K)
 Metaspace       used 83820K, committed 84608K, reserved 1179648K
  class space    used 11899K, committed 12288K, reserved 1048576K
}

